[2.618s] Invoking command in '/home/muzz/ros2_ws/build/examples_rclpy_executors': PYTHONPATH=/home/muzz/ros2_ws/build/examples_rclpy_executors/prefix_override:/home/muzz/ros2_ws/install/examples_rclpy_executors/lib/python3.8/site-packages:${PYTHONPATH} /usr/bin/python3 -W ignore:setup.py install is deprecated setup.py develop --editable --build-directory /home/muzz/ros2_ws/build/examples_rclpy_executors/build --no-deps symlink_data
[3.226s] running develop
[3.614s] running egg_info
[3.614s] creating examples_rclpy_executors.egg-info
[3.614s] writing examples_rclpy_executors.egg-info/PKG-INFO
[3.615s] writing dependency_links to examples_rclpy_executors.egg-info/dependency_links.txt
[3.615s] writing entry points to examples_rclpy_executors.egg-info/entry_points.txt
[3.615s] writing requirements to examples_rclpy_executors.egg-info/requires.txt
[3.615s] writing top-level names to examples_rclpy_executors.egg-info/top_level.txt
[3.617s] writing manifest file 'examples_rclpy_executors.egg-info/SOURCES.txt'
[3.703s] reading manifest file 'examples_rclpy_executors.egg-info/SOURCES.txt'
[3.704s] writing manifest file 'examples_rclpy_executors.egg-info/SOURCES.txt'
[3.867s] running build_ext
[3.867s] Creating /home/muzz/ros2_ws/install/examples_rclpy_executors/lib/python3.8/site-packages/site.py
[3.911s] Creating /home/muzz/ros2_ws/install/examples_rclpy_executors/lib/python3.8/site-packages/examples-rclpy-executors.egg-link (link to .)
[3.912s] Installing callback_group script to /home/muzz/ros2_ws/install/examples_rclpy_executors/lib/examples_rclpy_executors
[3.912s] Installing composed script to /home/muzz/ros2_ws/install/examples_rclpy_executors/lib/examples_rclpy_executors
[3.913s] Installing custom_callback_group script to /home/muzz/ros2_ws/install/examples_rclpy_executors/lib/examples_rclpy_executors
[3.914s] Installing custom_executor script to /home/muzz/ros2_ws/install/examples_rclpy_executors/lib/examples_rclpy_executors
[3.914s] Installing listener script to /home/muzz/ros2_ws/install/examples_rclpy_executors/lib/examples_rclpy_executors
[3.914s] Installing talker script to /home/muzz/ros2_ws/install/examples_rclpy_executors/lib/examples_rclpy_executors
[3.914s] 
[3.914s] Installed /home/muzz/ros2_ws/build/examples_rclpy_executors
[3.914s] running symlink_data
[3.914s] creating /home/muzz/ros2_ws/install/examples_rclpy_executors/share/ament_index
[3.914s] creating /home/muzz/ros2_ws/install/examples_rclpy_executors/share/ament_index/resource_index
[3.914s] creating /home/muzz/ros2_ws/install/examples_rclpy_executors/share/ament_index/resource_index/packages
[3.914s] symbolically linking /home/muzz/ros2_ws/build/examples_rclpy_executors/resource/examples_rclpy_executors -> /home/muzz/ros2_ws/install/examples_rclpy_executors/share/ament_index/resource_index/packages
[3.915s] symbolically linking /home/muzz/ros2_ws/build/examples_rclpy_executors/package.xml -> /home/muzz/ros2_ws/install/examples_rclpy_executors/share/examples_rclpy_executors
[4.112s] Invoked command in '/home/muzz/ros2_ws/build/examples_rclpy_executors' returned '0': PYTHONPATH=/home/muzz/ros2_ws/build/examples_rclpy_executors/prefix_override:/home/muzz/ros2_ws/install/examples_rclpy_executors/lib/python3.8/site-packages:${PYTHONPATH} /usr/bin/python3 -W ignore:setup.py install is deprecated setup.py develop --editable --build-directory /home/muzz/ros2_ws/build/examples_rclpy_executors/build --no-deps symlink_data
