[2.431s] Invoking command in '/home/muzz/ros2_ws/build/examples_rclpy_minimal_service': PYTHONPATH=/home/muzz/ros2_ws/build/examples_rclpy_minimal_service/prefix_override:/home/muzz/ros2_ws/install/examples_rclpy_minimal_service/lib/python3.8/site-packages:${PYTHONPATH} /usr/bin/python3 -W ignore:setup.py install is deprecated setup.py develop --editable --build-directory /home/muzz/ros2_ws/build/examples_rclpy_minimal_service/build --no-deps symlink_data --force
[2.652s] running develop
[2.747s] running egg_info
[2.748s] writing examples_rclpy_minimal_service.egg-info/PKG-INFO
[2.748s] writing dependency_links to examples_rclpy_minimal_service.egg-info/dependency_links.txt
[2.748s] writing entry points to examples_rclpy_minimal_service.egg-info/entry_points.txt
[2.748s] writing requirements to examples_rclpy_minimal_service.egg-info/requires.txt
[2.748s] writing top-level names to examples_rclpy_minimal_service.egg-info/top_level.txt
[2.779s] reading manifest file 'examples_rclpy_minimal_service.egg-info/SOURCES.txt'
[2.780s] writing manifest file 'examples_rclpy_minimal_service.egg-info/SOURCES.txt'
[2.813s] running build_ext
[2.813s] Creating /home/muzz/ros2_ws/install/examples_rclpy_minimal_service/lib/python3.8/site-packages/examples-rclpy-minimal-service.egg-link (link to .)
[2.814s] Installing service script to /home/muzz/ros2_ws/install/examples_rclpy_minimal_service/lib/examples_rclpy_minimal_service
[2.815s] Installing service_member_function script to /home/muzz/ros2_ws/install/examples_rclpy_minimal_service/lib/examples_rclpy_minimal_service
[2.815s] 
[2.815s] Installed /home/muzz/ros2_ws/build/examples_rclpy_minimal_service
[2.815s] running symlink_data
[2.815s] symbolically linking /home/muzz/ros2_ws/build/examples_rclpy_minimal_service/resource/examples_rclpy_minimal_service -> /home/muzz/ros2_ws/install/examples_rclpy_minimal_service/share/ament_index/resource_index/packages
[2.815s] symbolically linking /home/muzz/ros2_ws/build/examples_rclpy_minimal_service/package.xml -> /home/muzz/ros2_ws/install/examples_rclpy_minimal_service/share/examples_rclpy_minimal_service
[2.893s] Invoked command in '/home/muzz/ros2_ws/build/examples_rclpy_minimal_service' returned '0': PYTHONPATH=/home/muzz/ros2_ws/build/examples_rclpy_minimal_service/prefix_override:/home/muzz/ros2_ws/install/examples_rclpy_minimal_service/lib/python3.8/site-packages:${PYTHONPATH} /usr/bin/python3 -W ignore:setup.py install is deprecated setup.py develop --editable --build-directory /home/muzz/ros2_ws/build/examples_rclpy_minimal_service/build --no-deps symlink_data --force
