[2.430s] Invoking command in '/home/muzz/ros2_ws/build/examples_rclpy_minimal_service': PYTHONPATH=/home/muzz/ros2_ws/build/examples_rclpy_minimal_service/prefix_override:/home/muzz/ros2_ws/install/examples_rclpy_minimal_service/lib/python3.8/site-packages:${PYTHONPATH} /usr/bin/python3 -W ignore:setup.py install is deprecated setup.py develop --uninstall --editable --build-directory /home/muzz/ros2_ws/build/examples_rclpy_minimal_service/build
[2.636s] running develop
[2.740s] Removing /home/muzz/ros2_ws/install/examples_rclpy_minimal_service/lib/python3.8/site-packages/examples-rclpy-minimal-service.egg-link (link to .)
[2.790s] Invoked command in '/home/muzz/ros2_ws/build/examples_rclpy_minimal_service' returned '0': PYTHONPATH=/home/muzz/ros2_ws/build/examples_rclpy_minimal_service/prefix_override:/home/muzz/ros2_ws/install/examples_rclpy_minimal_service/lib/python3.8/site-packages:${PYTHONPATH} /usr/bin/python3 -W ignore:setup.py install is deprecated setup.py develop --uninstall --editable --build-directory /home/muzz/ros2_ws/build/examples_rclpy_minimal_service/build
[2.794s] Invoking command in '/home/muzz/ros2_ws/src/examples/rclpy/services/minimal_service': PYTHONPATH=/home/muzz/ros2_ws/build/examples_rclpy_minimal_service/prefix_override:/home/muzz/ros2_ws/install/examples_rclpy_minimal_service/lib/python3.8/site-packages:${PYTHONPATH} /usr/bin/python3 -W ignore:setup.py install is deprecated setup.py egg_info --egg-base ../../../../../build/examples_rclpy_minimal_service build --build-base /home/muzz/ros2_ws/build/examples_rclpy_minimal_service/build install --record /home/muzz/ros2_ws/build/examples_rclpy_minimal_service/install.log --install-scripts $base/lib/examples_rclpy_minimal_service --single-version-externally-managed install_data --force
[2.969s] running egg_info
[2.970s] writing ../../../../../build/examples_rclpy_minimal_service/examples_rclpy_minimal_service.egg-info/PKG-INFO
[2.970s] writing dependency_links to ../../../../../build/examples_rclpy_minimal_service/examples_rclpy_minimal_service.egg-info/dependency_links.txt
[2.970s] writing entry points to ../../../../../build/examples_rclpy_minimal_service/examples_rclpy_minimal_service.egg-info/entry_points.txt
[2.970s] writing requirements to ../../../../../build/examples_rclpy_minimal_service/examples_rclpy_minimal_service.egg-info/requires.txt
[2.970s] writing top-level names to ../../../../../build/examples_rclpy_minimal_service/examples_rclpy_minimal_service.egg-info/top_level.txt
[3.007s] reading manifest file '../../../../../build/examples_rclpy_minimal_service/examples_rclpy_minimal_service.egg-info/SOURCES.txt'
[3.008s] writing manifest file '../../../../../build/examples_rclpy_minimal_service/examples_rclpy_minimal_service.egg-info/SOURCES.txt'
[3.008s] running build
[3.008s] running build_py
[3.009s] running install
[3.010s] running install_lib
[3.010s] creating /home/muzz/ros2_ws/install/examples_rclpy_minimal_service/lib/python3.8/site-packages/examples_rclpy_minimal_service
[3.011s] copying /home/muzz/ros2_ws/build/examples_rclpy_minimal_service/build/lib/examples_rclpy_minimal_service/service.py -> /home/muzz/ros2_ws/install/examples_rclpy_minimal_service/lib/python3.8/site-packages/examples_rclpy_minimal_service
[3.011s] copying /home/muzz/ros2_ws/build/examples_rclpy_minimal_service/build/lib/examples_rclpy_minimal_service/service_member_function.py -> /home/muzz/ros2_ws/install/examples_rclpy_minimal_service/lib/python3.8/site-packages/examples_rclpy_minimal_service
[3.011s] copying /home/muzz/ros2_ws/build/examples_rclpy_minimal_service/build/lib/examples_rclpy_minimal_service/__init__.py -> /home/muzz/ros2_ws/install/examples_rclpy_minimal_service/lib/python3.8/site-packages/examples_rclpy_minimal_service
[3.011s] byte-compiling /home/muzz/ros2_ws/install/examples_rclpy_minimal_service/lib/python3.8/site-packages/examples_rclpy_minimal_service/service.py to service.cpython-38.pyc
[3.013s] byte-compiling /home/muzz/ros2_ws/install/examples_rclpy_minimal_service/lib/python3.8/site-packages/examples_rclpy_minimal_service/service_member_function.py to service_member_function.cpython-38.pyc
[3.014s] byte-compiling /home/muzz/ros2_ws/install/examples_rclpy_minimal_service/lib/python3.8/site-packages/examples_rclpy_minimal_service/__init__.py to __init__.cpython-38.pyc
[3.015s] running install_data
[3.015s] copying resource/examples_rclpy_minimal_service -> /home/muzz/ros2_ws/install/examples_rclpy_minimal_service/share/ament_index/resource_index/packages
[3.015s] copying package.xml -> /home/muzz/ros2_ws/install/examples_rclpy_minimal_service/share/examples_rclpy_minimal_service
[3.016s] running install_egg_info
[3.018s] Copying ../../../../../build/examples_rclpy_minimal_service/examples_rclpy_minimal_service.egg-info to /home/muzz/ros2_ws/install/examples_rclpy_minimal_service/lib/python3.8/site-packages/examples_rclpy_minimal_service-0.9.4-py3.8.egg-info
[3.018s] running install_scripts
[3.034s] Installing service script to /home/muzz/ros2_ws/install/examples_rclpy_minimal_service/lib/examples_rclpy_minimal_service
[3.034s] Installing service_member_function script to /home/muzz/ros2_ws/install/examples_rclpy_minimal_service/lib/examples_rclpy_minimal_service
[3.034s] writing list of installed files to '/home/muzz/ros2_ws/build/examples_rclpy_minimal_service/install.log'
[3.081s] Invoked command in '/home/muzz/ros2_ws/src/examples/rclpy/services/minimal_service' returned '0': PYTHONPATH=/home/muzz/ros2_ws/build/examples_rclpy_minimal_service/prefix_override:/home/muzz/ros2_ws/install/examples_rclpy_minimal_service/lib/python3.8/site-packages:${PYTHONPATH} /usr/bin/python3 -W ignore:setup.py install is deprecated setup.py egg_info --egg-base ../../../../../build/examples_rclpy_minimal_service build --build-base /home/muzz/ros2_ws/build/examples_rclpy_minimal_service/build install --record /home/muzz/ros2_ws/build/examples_rclpy_minimal_service/install.log --install-scripts $base/lib/examples_rclpy_minimal_service --single-version-externally-managed install_data --force
