[2.457s] Invoking command in '/home/muzz/ros2_ws/build/examples_rclpy_minimal_publisher': PYTHONPATH=/home/muzz/ros2_ws/build/examples_rclpy_minimal_publisher/prefix_override:/home/muzz/ros2_ws/install/examples_rclpy_minimal_publisher/lib/python3.8/site-packages:${PYTHONPATH} /usr/bin/python3 -W ignore:setup.py install is deprecated setup.py develop --editable --build-directory /home/muzz/ros2_ws/build/examples_rclpy_minimal_publisher/build --no-deps symlink_data --force
[2.678s] running develop
[2.786s] running egg_info
[2.786s] writing examples_rclpy_minimal_publisher.egg-info/PKG-INFO
[2.786s] writing dependency_links to examples_rclpy_minimal_publisher.egg-info/dependency_links.txt
[2.786s] writing entry points to examples_rclpy_minimal_publisher.egg-info/entry_points.txt
[2.787s] writing requirements to examples_rclpy_minimal_publisher.egg-info/requires.txt
[2.787s] writing top-level names to examples_rclpy_minimal_publisher.egg-info/top_level.txt
[2.814s] reading manifest file 'examples_rclpy_minimal_publisher.egg-info/SOURCES.txt'
[2.815s] writing manifest file 'examples_rclpy_minimal_publisher.egg-info/SOURCES.txt'
[2.847s] running build_ext
[2.847s] Creating /home/muzz/ros2_ws/install/examples_rclpy_minimal_publisher/lib/python3.8/site-packages/examples-rclpy-minimal-publisher.egg-link (link to .)
[2.849s] Installing publisher_local_function script to /home/muzz/ros2_ws/install/examples_rclpy_minimal_publisher/lib/examples_rclpy_minimal_publisher
[2.849s] Installing publisher_member_function script to /home/muzz/ros2_ws/install/examples_rclpy_minimal_publisher/lib/examples_rclpy_minimal_publisher
[2.849s] Installing publisher_old_school script to /home/muzz/ros2_ws/install/examples_rclpy_minimal_publisher/lib/examples_rclpy_minimal_publisher
[2.849s] 
[2.850s] Installed /home/muzz/ros2_ws/build/examples_rclpy_minimal_publisher
[2.850s] running symlink_data
[2.850s] symbolically linking /home/muzz/ros2_ws/build/examples_rclpy_minimal_publisher/resource/examples_rclpy_minimal_publisher -> /home/muzz/ros2_ws/install/examples_rclpy_minimal_publisher/share/ament_index/resource_index/packages
[2.850s] symbolically linking /home/muzz/ros2_ws/build/examples_rclpy_minimal_publisher/package.xml -> /home/muzz/ros2_ws/install/examples_rclpy_minimal_publisher/share/examples_rclpy_minimal_publisher
[2.915s] Invoked command in '/home/muzz/ros2_ws/build/examples_rclpy_minimal_publisher' returned '0': PYTHONPATH=/home/muzz/ros2_ws/build/examples_rclpy_minimal_publisher/prefix_override:/home/muzz/ros2_ws/install/examples_rclpy_minimal_publisher/lib/python3.8/site-packages:${PYTHONPATH} /usr/bin/python3 -W ignore:setup.py install is deprecated setup.py develop --editable --build-directory /home/muzz/ros2_ws/build/examples_rclpy_minimal_publisher/build --no-deps symlink_data --force
