[0.165s] Invoking command in '/home/muzz/ros2_ws/build/examples_rclcpp_minimal_action_client': CMAKE_PREFIX_PATH=/opt/ros/foxy /usr/bin/cmake /home/muzz/ros2_ws/src/examples/rclcpp/actions/minimal_action_client -DCMAKE_INSTALL_PREFIX=/home/muzz/ros2_ws/install/examples_rclcpp_minimal_action_client
[1.798s] -- Found ament_cmake: 0.9.12 (/opt/ros/foxy/share/ament_cmake/cmake)
[1.798s] -- Using PYTHON_EXECUTABLE: /usr/bin/python3
[1.798s] -- Override CMake install command with custom implementation using symlinks instead of copying resources
[1.798s] -- Found example_interfaces: 0.9.1 (/opt/ros/foxy/share/example_interfaces/cmake)
[1.798s] -- Using all available rosidl_typesupport_c: rosidl_typesupport_fastrtps_c;rosidl_typesupport_introspection_c
[1.798s] -- Found rosidl_adapter: 1.3.1 (/opt/ros/foxy/share/rosidl_adapter/cmake)
[1.799s] -- Using all available rosidl_typesupport_cpp: rosidl_typesupport_fastrtps_cpp;rosidl_typesupport_introspection_cpp
[1.799s] -- Found rclcpp: 2.4.3 (/opt/ros/foxy/share/rclcpp/cmake)
[1.799s] -- Found rmw_implementation_cmake: 1.0.4 (/opt/ros/foxy/share/rmw_implementation_cmake/cmake)
[1.799s] -- Using RMW implementation 'rmw_fastrtps_cpp' as default
[1.799s] -- Found rclcpp_action: 2.4.3 (/opt/ros/foxy/share/rclcpp_action/cmake)
[1.799s] -- Found ament_lint_auto: 0.9.8 (/opt/ros/foxy/share/ament_lint_auto/cmake)
[1.799s] -- Added test 'copyright' to check source files copyright and LICENSE
[1.801s] -- Added test 'cppcheck' to perform static code analysis on C / C++ code
[1.804s] -- Configured cppcheck include dirs: 
[1.804s] -- Configured cppcheck exclude dirs and/or files: 
[1.805s] -- Added test 'cpplint' to check C / C++ code against the Google style
[1.805s] -- Configured cpplint exclude dirs and/or files: 
[1.805s] -- Added test 'lint_cmake' to check CMake code style
[1.805s] -- Added test 'uncrustify' to check C / C++ code style
[1.805s] -- Configured uncrustify additional arguments: 
[1.805s] -- Added test 'xmllint' to check XML markup files
[1.805s] -- Configuring done
[1.806s] -- Generating done
[1.806s] -- Build files have been written to: /home/muzz/ros2_ws/build/examples_rclcpp_minimal_action_client
[1.862s] Invoked command in '/home/muzz/ros2_ws/build/examples_rclcpp_minimal_action_client' returned '0': CMAKE_PREFIX_PATH=/opt/ros/foxy /usr/bin/cmake /home/muzz/ros2_ws/src/examples/rclcpp/actions/minimal_action_client -DCMAKE_INSTALL_PREFIX=/home/muzz/ros2_ws/install/examples_rclcpp_minimal_action_client
[1.865s] Invoking command in '/home/muzz/ros2_ws/build/examples_rclcpp_minimal_action_client': CMAKE_PREFIX_PATH=/opt/ros/foxy /usr/bin/cmake --build /home/muzz/ros2_ws/build/examples_rclcpp_minimal_action_client -- -j16 -l16
[1.902s] [ 25%] Built target action_client_not_composable_with_cancel
[1.903s] [ 50%] Built target action_client_not_composable_with_feedback
[1.905s] [ 75%] Built target action_client_member_functions
[1.918s] [100%] Built target action_client_not_composable
[1.987s] Invoked command in '/home/muzz/ros2_ws/build/examples_rclcpp_minimal_action_client' returned '0': CMAKE_PREFIX_PATH=/opt/ros/foxy /usr/bin/cmake --build /home/muzz/ros2_ws/build/examples_rclcpp_minimal_action_client -- -j16 -l16
[2.106s] Invoking command in '/home/muzz/ros2_ws/build/examples_rclcpp_minimal_action_client': CMAKE_PREFIX_PATH=/opt/ros/foxy /usr/bin/cmake --install /home/muzz/ros2_ws/build/examples_rclcpp_minimal_action_client
[2.122s] -- Install configuration: ""
[2.122s] -- Execute custom install script
[2.122s] -- Up-to-date symlink: /home/muzz/ros2_ws/install/examples_rclcpp_minimal_action_client/lib/examples_rclcpp_minimal_action_client/action_client_member_functions
[2.122s] -- Up-to-date symlink: /home/muzz/ros2_ws/install/examples_rclcpp_minimal_action_client/lib/examples_rclcpp_minimal_action_client/action_client_not_composable
[2.122s] -- Up-to-date symlink: /home/muzz/ros2_ws/install/examples_rclcpp_minimal_action_client/lib/examples_rclcpp_minimal_action_client/action_client_not_composable_with_cancel
[2.122s] -- Up-to-date symlink: /home/muzz/ros2_ws/install/examples_rclcpp_minimal_action_client/lib/examples_rclcpp_minimal_action_client/action_client_not_composable_with_feedback
[2.123s] -- Up-to-date symlink: /home/muzz/ros2_ws/install/examples_rclcpp_minimal_action_client/share/ament_index/resource_index/package_run_dependencies/examples_rclcpp_minimal_action_client
[2.123s] -- Up-to-date symlink: /home/muzz/ros2_ws/install/examples_rclcpp_minimal_action_client/share/ament_index/resource_index/parent_prefix_path/examples_rclcpp_minimal_action_client
[2.123s] -- Up-to-date symlink: /home/muzz/ros2_ws/install/examples_rclcpp_minimal_action_client/share/examples_rclcpp_minimal_action_client/environment/ament_prefix_path.sh
[2.123s] -- Up-to-date symlink: /home/muzz/ros2_ws/install/examples_rclcpp_minimal_action_client/share/examples_rclcpp_minimal_action_client/environment/ament_prefix_path.dsv
[2.123s] -- Up-to-date symlink: /home/muzz/ros2_ws/install/examples_rclcpp_minimal_action_client/share/examples_rclcpp_minimal_action_client/environment/path.sh
[2.123s] -- Up-to-date symlink: /home/muzz/ros2_ws/install/examples_rclcpp_minimal_action_client/share/examples_rclcpp_minimal_action_client/environment/path.dsv
[2.123s] -- Up-to-date symlink: /home/muzz/ros2_ws/install/examples_rclcpp_minimal_action_client/share/examples_rclcpp_minimal_action_client/local_setup.bash
[2.123s] -- Up-to-date symlink: /home/muzz/ros2_ws/install/examples_rclcpp_minimal_action_client/share/examples_rclcpp_minimal_action_client/local_setup.sh
[2.123s] -- Up-to-date symlink: /home/muzz/ros2_ws/install/examples_rclcpp_minimal_action_client/share/examples_rclcpp_minimal_action_client/local_setup.zsh
[2.123s] -- Up-to-date symlink: /home/muzz/ros2_ws/install/examples_rclcpp_minimal_action_client/share/examples_rclcpp_minimal_action_client/local_setup.dsv
[2.123s] -- Symlinking: /home/muzz/ros2_ws/install/examples_rclcpp_minimal_action_client/share/examples_rclcpp_minimal_action_client/package.dsv
[2.134s] -- Up-to-date symlink: /home/muzz/ros2_ws/install/examples_rclcpp_minimal_action_client/share/ament_index/resource_index/packages/examples_rclcpp_minimal_action_client
[2.134s] -- Up-to-date symlink: /home/muzz/ros2_ws/install/examples_rclcpp_minimal_action_client/share/examples_rclcpp_minimal_action_client/cmake/examples_rclcpp_minimal_action_clientConfig.cmake
[2.135s] -- Up-to-date symlink: /home/muzz/ros2_ws/install/examples_rclcpp_minimal_action_client/share/examples_rclcpp_minimal_action_client/cmake/examples_rclcpp_minimal_action_clientConfig-version.cmake
[2.136s] -- Up-to-date symlink: /home/muzz/ros2_ws/install/examples_rclcpp_minimal_action_client/share/examples_rclcpp_minimal_action_client/package.xml
[2.237s] Invoked command in '/home/muzz/ros2_ws/build/examples_rclcpp_minimal_action_client' returned '0': CMAKE_PREFIX_PATH=/opt/ros/foxy /usr/bin/cmake --install /home/muzz/ros2_ws/build/examples_rclcpp_minimal_action_client
