[2.624s] Invoking command in '/home/muzz/ros2_ws/build/examples_rclpy_minimal_action_server': PYTHONPATH=/home/muzz/ros2_ws/build/examples_rclpy_minimal_action_server/prefix_override:/home/muzz/ros2_ws/install/examples_rclpy_minimal_action_server/lib/python3.8/site-packages:${PYTHONPATH} /usr/bin/python3 -W ignore:setup.py install is deprecated setup.py develop --editable --build-directory /home/muzz/ros2_ws/build/examples_rclpy_minimal_action_server/build --no-deps symlink_data
[3.875s] running develop
[3.875s] running egg_info
[3.875s] creating examples_rclpy_minimal_action_server.egg-info
[3.875s] writing examples_rclpy_minimal_action_server.egg-info/PKG-INFO
[3.875s] writing dependency_links to examples_rclpy_minimal_action_server.egg-info/dependency_links.txt
[3.875s] writing entry points to examples_rclpy_minimal_action_server.egg-info/entry_points.txt
[3.876s] writing requirements to examples_rclpy_minimal_action_server.egg-info/requires.txt
[3.876s] writing top-level names to examples_rclpy_minimal_action_server.egg-info/top_level.txt
[3.876s] writing manifest file 'examples_rclpy_minimal_action_server.egg-info/SOURCES.txt'
[3.876s] reading manifest file 'examples_rclpy_minimal_action_server.egg-info/SOURCES.txt'
[3.876s] writing manifest file 'examples_rclpy_minimal_action_server.egg-info/SOURCES.txt'
[3.876s] running build_ext
[3.876s] Creating /home/muzz/ros2_ws/install/examples_rclpy_minimal_action_server/lib/python3.8/site-packages/site.py
[3.876s] Creating /home/muzz/ros2_ws/install/examples_rclpy_minimal_action_server/lib/python3.8/site-packages/examples-rclpy-minimal-action-server.egg-link (link to .)
[3.876s] Installing server script to /home/muzz/ros2_ws/install/examples_rclpy_minimal_action_server/lib/examples_rclpy_minimal_action_server
[3.876s] Installing server_defer script to /home/muzz/ros2_ws/install/examples_rclpy_minimal_action_server/lib/examples_rclpy_minimal_action_server
[3.876s] Installing server_not_composable script to /home/muzz/ros2_ws/install/examples_rclpy_minimal_action_server/lib/examples_rclpy_minimal_action_server
[3.876s] Installing server_queue_goals script to /home/muzz/ros2_ws/install/examples_rclpy_minimal_action_server/lib/examples_rclpy_minimal_action_server
[3.876s] Installing server_single_goal script to /home/muzz/ros2_ws/install/examples_rclpy_minimal_action_server/lib/examples_rclpy_minimal_action_server
[3.876s] 
[3.876s] Installed /home/muzz/ros2_ws/build/examples_rclpy_minimal_action_server
[3.877s] running symlink_data
[3.877s] creating /home/muzz/ros2_ws/install/examples_rclpy_minimal_action_server/share/ament_index
[3.877s] creating /home/muzz/ros2_ws/install/examples_rclpy_minimal_action_server/share/ament_index/resource_index
[3.877s] creating /home/muzz/ros2_ws/install/examples_rclpy_minimal_action_server/share/ament_index/resource_index/packages
[3.877s] symbolically linking /home/muzz/ros2_ws/build/examples_rclpy_minimal_action_server/resource/examples_rclpy_minimal_action_server -> /home/muzz/ros2_ws/install/examples_rclpy_minimal_action_server/share/ament_index/resource_index/packages
[3.877s] symbolically linking /home/muzz/ros2_ws/build/examples_rclpy_minimal_action_server/package.xml -> /home/muzz/ros2_ws/install/examples_rclpy_minimal_action_server/share/examples_rclpy_minimal_action_server
[3.973s] Invoked command in '/home/muzz/ros2_ws/build/examples_rclpy_minimal_action_server' returned '0': PYTHONPATH=/home/muzz/ros2_ws/build/examples_rclpy_minimal_action_server/prefix_override:/home/muzz/ros2_ws/install/examples_rclpy_minimal_action_server/lib/python3.8/site-packages:${PYTHONPATH} /usr/bin/python3 -W ignore:setup.py install is deprecated setup.py develop --editable --build-directory /home/muzz/ros2_ws/build/examples_rclpy_minimal_action_server/build --no-deps symlink_data
