[0.197s] Invoking command in '/home/muzz/ros2_ws/build/examples_rclcpp_minimal_service': CMAKE_PREFIX_PATH=${CMAKE_PREFIX_PATH}:/home/muzz/ros2_ws/install/muzz_package:/home/muzz/ros2_ws/install/teleop_twist_keyboard:/home/muzz/ros2_ws/install/examples_rclpy_minimal_subscriber:/home/muzz/ros2_ws/install/examples_rclpy_minimal_service:/home/muzz/ros2_ws/install/examples_rclpy_minimal_publisher:/home/muzz/ros2_ws/install/examples_rclpy_minimal_client:/home/muzz/ros2_ws/install/examples_rclpy_minimal_action_server:/home/muzz/ros2_ws/install/examples_rclpy_minimal_action_client:/home/muzz/ros2_ws/install/examples_rclpy_executors:/opt/ros/foxy /usr/bin/cmake --build /home/muzz/ros2_ws/build/examples_rclcpp_minimal_service -- -j16 -l16
[1.614s] [100%] Built target service_main
[1.647s] Invoked command in '/home/muzz/ros2_ws/build/examples_rclcpp_minimal_service' returned '0': CMAKE_PREFIX_PATH=${CMAKE_PREFIX_PATH}:/home/muzz/ros2_ws/install/muzz_package:/home/muzz/ros2_ws/install/teleop_twist_keyboard:/home/muzz/ros2_ws/install/examples_rclpy_minimal_subscriber:/home/muzz/ros2_ws/install/examples_rclpy_minimal_service:/home/muzz/ros2_ws/install/examples_rclpy_minimal_publisher:/home/muzz/ros2_ws/install/examples_rclpy_minimal_client:/home/muzz/ros2_ws/install/examples_rclpy_minimal_action_server:/home/muzz/ros2_ws/install/examples_rclpy_minimal_action_client:/home/muzz/ros2_ws/install/examples_rclpy_executors:/opt/ros/foxy /usr/bin/cmake --build /home/muzz/ros2_ws/build/examples_rclcpp_minimal_service -- -j16 -l16
[1.774s] Invoking command in '/home/muzz/ros2_ws/build/examples_rclcpp_minimal_service': CMAKE_PREFIX_PATH=${CMAKE_PREFIX_PATH}:/home/muzz/ros2_ws/install/muzz_package:/home/muzz/ros2_ws/install/teleop_twist_keyboard:/home/muzz/ros2_ws/install/examples_rclpy_minimal_subscriber:/home/muzz/ros2_ws/install/examples_rclpy_minimal_service:/home/muzz/ros2_ws/install/examples_rclpy_minimal_publisher:/home/muzz/ros2_ws/install/examples_rclpy_minimal_client:/home/muzz/ros2_ws/install/examples_rclpy_minimal_action_server:/home/muzz/ros2_ws/install/examples_rclpy_minimal_action_client:/home/muzz/ros2_ws/install/examples_rclpy_executors:/opt/ros/foxy /usr/bin/cmake --install /home/muzz/ros2_ws/build/examples_rclcpp_minimal_service
[1.817s] -- Install configuration: ""
[1.817s] -- Execute custom install script
[1.817s] -- Up-to-date symlink: /home/muzz/ros2_ws/install/examples_rclcpp_minimal_service/lib/examples_rclcpp_minimal_service/service_main
[1.817s] -- Up-to-date symlink: /home/muzz/ros2_ws/install/examples_rclcpp_minimal_service/share/ament_index/resource_index/package_run_dependencies/examples_rclcpp_minimal_service
[1.817s] -- Up-to-date symlink: /home/muzz/ros2_ws/install/examples_rclcpp_minimal_service/share/ament_index/resource_index/parent_prefix_path/examples_rclcpp_minimal_service
[1.817s] -- Up-to-date symlink: /home/muzz/ros2_ws/install/examples_rclcpp_minimal_service/share/examples_rclcpp_minimal_service/environment/ament_prefix_path.sh
[1.817s] -- Up-to-date symlink: /home/muzz/ros2_ws/install/examples_rclcpp_minimal_service/share/examples_rclcpp_minimal_service/environment/ament_prefix_path.dsv
[1.818s] -- Up-to-date symlink: /home/muzz/ros2_ws/install/examples_rclcpp_minimal_service/share/examples_rclcpp_minimal_service/environment/path.sh
[1.818s] -- Up-to-date symlink: /home/muzz/ros2_ws/install/examples_rclcpp_minimal_service/share/examples_rclcpp_minimal_service/environment/path.dsv
[1.818s] -- Up-to-date symlink: /home/muzz/ros2_ws/install/examples_rclcpp_minimal_service/share/examples_rclcpp_minimal_service/local_setup.bash
[1.818s] -- Up-to-date symlink: /home/muzz/ros2_ws/install/examples_rclcpp_minimal_service/share/examples_rclcpp_minimal_service/local_setup.sh
[1.818s] -- Up-to-date symlink: /home/muzz/ros2_ws/install/examples_rclcpp_minimal_service/share/examples_rclcpp_minimal_service/local_setup.zsh
[1.819s] -- Up-to-date symlink: /home/muzz/ros2_ws/install/examples_rclcpp_minimal_service/share/examples_rclcpp_minimal_service/local_setup.dsv
[1.819s] -- Symlinking: /home/muzz/ros2_ws/install/examples_rclcpp_minimal_service/share/examples_rclcpp_minimal_service/package.dsv
[1.824s] -- Up-to-date symlink: /home/muzz/ros2_ws/install/examples_rclcpp_minimal_service/share/ament_index/resource_index/packages/examples_rclcpp_minimal_service
[1.824s] -- Up-to-date symlink: /home/muzz/ros2_ws/install/examples_rclcpp_minimal_service/share/examples_rclcpp_minimal_service/cmake/examples_rclcpp_minimal_serviceConfig.cmake
[1.824s] -- Up-to-date symlink: /home/muzz/ros2_ws/install/examples_rclcpp_minimal_service/share/examples_rclcpp_minimal_service/cmake/examples_rclcpp_minimal_serviceConfig-version.cmake
[1.825s] -- Up-to-date symlink: /home/muzz/ros2_ws/install/examples_rclcpp_minimal_service/share/examples_rclcpp_minimal_service/package.xml
[1.923s] Invoked command in '/home/muzz/ros2_ws/build/examples_rclcpp_minimal_service' returned '0': CMAKE_PREFIX_PATH=${CMAKE_PREFIX_PATH}:/home/muzz/ros2_ws/install/muzz_package:/home/muzz/ros2_ws/install/teleop_twist_keyboard:/home/muzz/ros2_ws/install/examples_rclpy_minimal_subscriber:/home/muzz/ros2_ws/install/examples_rclpy_minimal_service:/home/muzz/ros2_ws/install/examples_rclpy_minimal_publisher:/home/muzz/ros2_ws/install/examples_rclpy_minimal_client:/home/muzz/ros2_ws/install/examples_rclpy_minimal_action_server:/home/muzz/ros2_ws/install/examples_rclpy_minimal_action_client:/home/muzz/ros2_ws/install/examples_rclpy_executors:/opt/ros/foxy /usr/bin/cmake --install /home/muzz/ros2_ws/build/examples_rclcpp_minimal_service
