[2.425s] Invoking command in '/home/muzz/ros2_ws/build/examples_rclpy_minimal_action_server': PYTHONPATH=/home/muzz/ros2_ws/build/examples_rclpy_minimal_action_server/prefix_override:/home/muzz/ros2_ws/install/examples_rclpy_minimal_action_server/lib/python3.8/site-packages:${PYTHONPATH} /usr/bin/python3 -W ignore:setup.py install is deprecated setup.py develop --editable --build-directory /home/muzz/ros2_ws/build/examples_rclpy_minimal_action_server/build --no-deps symlink_data --force
[2.655s] running develop
[2.755s] running egg_info
[2.755s] writing examples_rclpy_minimal_action_server.egg-info/PKG-INFO
[2.755s] writing dependency_links to examples_rclpy_minimal_action_server.egg-info/dependency_links.txt
[2.756s] writing entry points to examples_rclpy_minimal_action_server.egg-info/entry_points.txt
[2.756s] writing requirements to examples_rclpy_minimal_action_server.egg-info/requires.txt
[2.756s] writing top-level names to examples_rclpy_minimal_action_server.egg-info/top_level.txt
[2.785s] reading manifest file 'examples_rclpy_minimal_action_server.egg-info/SOURCES.txt'
[2.786s] writing manifest file 'examples_rclpy_minimal_action_server.egg-info/SOURCES.txt'
[2.818s] running build_ext
[2.819s] Creating /home/muzz/ros2_ws/install/examples_rclpy_minimal_action_server/lib/python3.8/site-packages/examples-rclpy-minimal-action-server.egg-link (link to .)
[2.819s] Installing server script to /home/muzz/ros2_ws/install/examples_rclpy_minimal_action_server/lib/examples_rclpy_minimal_action_server
[2.820s] Installing server_defer script to /home/muzz/ros2_ws/install/examples_rclpy_minimal_action_server/lib/examples_rclpy_minimal_action_server
[2.820s] Installing server_not_composable script to /home/muzz/ros2_ws/install/examples_rclpy_minimal_action_server/lib/examples_rclpy_minimal_action_server
[2.820s] Installing server_queue_goals script to /home/muzz/ros2_ws/install/examples_rclpy_minimal_action_server/lib/examples_rclpy_minimal_action_server
[2.820s] Installing server_single_goal script to /home/muzz/ros2_ws/install/examples_rclpy_minimal_action_server/lib/examples_rclpy_minimal_action_server
[2.820s] 
[2.820s] Installed /home/muzz/ros2_ws/build/examples_rclpy_minimal_action_server
[2.820s] running symlink_data
[2.821s] symbolically linking /home/muzz/ros2_ws/build/examples_rclpy_minimal_action_server/resource/examples_rclpy_minimal_action_server -> /home/muzz/ros2_ws/install/examples_rclpy_minimal_action_server/share/ament_index/resource_index/packages
[2.821s] symbolically linking /home/muzz/ros2_ws/build/examples_rclpy_minimal_action_server/package.xml -> /home/muzz/ros2_ws/install/examples_rclpy_minimal_action_server/share/examples_rclpy_minimal_action_server
[2.895s] Invoked command in '/home/muzz/ros2_ws/build/examples_rclpy_minimal_action_server' returned '0': PYTHONPATH=/home/muzz/ros2_ws/build/examples_rclpy_minimal_action_server/prefix_override:/home/muzz/ros2_ws/install/examples_rclpy_minimal_action_server/lib/python3.8/site-packages:${PYTHONPATH} /usr/bin/python3 -W ignore:setup.py install is deprecated setup.py develop --editable --build-directory /home/muzz/ros2_ws/build/examples_rclpy_minimal_action_server/build --no-deps symlink_data --force
