[0.195s] Invoking command in '/home/muzz/ros2_ws/build/examples_rclcpp_minimal_action_client': CMAKE_PREFIX_PATH=${CMAKE_PREFIX_PATH}:/home/muzz/ros2_ws/install/muzz_package:/home/muzz/ros2_ws/install/teleop_twist_keyboard:/home/muzz/ros2_ws/install/examples_rclpy_minimal_subscriber:/home/muzz/ros2_ws/install/examples_rclpy_minimal_service:/home/muzz/ros2_ws/install/examples_rclpy_minimal_publisher:/home/muzz/ros2_ws/install/examples_rclpy_minimal_client:/home/muzz/ros2_ws/install/examples_rclpy_minimal_action_server:/home/muzz/ros2_ws/install/examples_rclpy_minimal_action_client:/home/muzz/ros2_ws/install/examples_rclpy_executors:/opt/ros/foxy /usr/bin/cmake --build /home/muzz/ros2_ws/build/examples_rclcpp_minimal_action_client -- -j16 -l16
[1.652s] [ 25%] Built target action_client_not_composable
[1.652s] [ 50%] Built target action_client_not_composable_with_feedback
[1.653s] [ 75%] Built target action_client_not_composable_with_cancel
[1.653s] [100%] Built target action_client_member_functions
[1.667s] Invoked command in '/home/muzz/ros2_ws/build/examples_rclcpp_minimal_action_client' returned '0': CMAKE_PREFIX_PATH=${CMAKE_PREFIX_PATH}:/home/muzz/ros2_ws/install/muzz_package:/home/muzz/ros2_ws/install/teleop_twist_keyboard:/home/muzz/ros2_ws/install/examples_rclpy_minimal_subscriber:/home/muzz/ros2_ws/install/examples_rclpy_minimal_service:/home/muzz/ros2_ws/install/examples_rclpy_minimal_publisher:/home/muzz/ros2_ws/install/examples_rclpy_minimal_client:/home/muzz/ros2_ws/install/examples_rclpy_minimal_action_server:/home/muzz/ros2_ws/install/examples_rclpy_minimal_action_client:/home/muzz/ros2_ws/install/examples_rclpy_executors:/opt/ros/foxy /usr/bin/cmake --build /home/muzz/ros2_ws/build/examples_rclcpp_minimal_action_client -- -j16 -l16
[1.782s] Invoking command in '/home/muzz/ros2_ws/build/examples_rclcpp_minimal_action_client': CMAKE_PREFIX_PATH=${CMAKE_PREFIX_PATH}:/home/muzz/ros2_ws/install/muzz_package:/home/muzz/ros2_ws/install/teleop_twist_keyboard:/home/muzz/ros2_ws/install/examples_rclpy_minimal_subscriber:/home/muzz/ros2_ws/install/examples_rclpy_minimal_service:/home/muzz/ros2_ws/install/examples_rclpy_minimal_publisher:/home/muzz/ros2_ws/install/examples_rclpy_minimal_client:/home/muzz/ros2_ws/install/examples_rclpy_minimal_action_server:/home/muzz/ros2_ws/install/examples_rclpy_minimal_action_client:/home/muzz/ros2_ws/install/examples_rclpy_executors:/opt/ros/foxy /usr/bin/cmake --install /home/muzz/ros2_ws/build/examples_rclcpp_minimal_action_client
[1.840s] -- Install configuration: ""
[1.841s] -- Execute custom install script
[1.841s] -- Up-to-date symlink: /home/muzz/ros2_ws/install/examples_rclcpp_minimal_action_client/lib/examples_rclcpp_minimal_action_client/action_client_member_functions
[1.841s] -- Up-to-date symlink: /home/muzz/ros2_ws/install/examples_rclcpp_minimal_action_client/lib/examples_rclcpp_minimal_action_client/action_client_not_composable
[1.841s] -- Up-to-date symlink: /home/muzz/ros2_ws/install/examples_rclcpp_minimal_action_client/lib/examples_rclcpp_minimal_action_client/action_client_not_composable_with_cancel
[1.842s] -- Up-to-date symlink: /home/muzz/ros2_ws/install/examples_rclcpp_minimal_action_client/lib/examples_rclcpp_minimal_action_client/action_client_not_composable_with_feedback
[1.842s] -- Up-to-date symlink: /home/muzz/ros2_ws/install/examples_rclcpp_minimal_action_client/share/ament_index/resource_index/package_run_dependencies/examples_rclcpp_minimal_action_client
[1.842s] -- Up-to-date symlink: /home/muzz/ros2_ws/install/examples_rclcpp_minimal_action_client/share/ament_index/resource_index/parent_prefix_path/examples_rclcpp_minimal_action_client
[1.842s] -- Up-to-date symlink: /home/muzz/ros2_ws/install/examples_rclcpp_minimal_action_client/share/examples_rclcpp_minimal_action_client/environment/ament_prefix_path.sh
[1.842s] -- Up-to-date symlink: /home/muzz/ros2_ws/install/examples_rclcpp_minimal_action_client/share/examples_rclcpp_minimal_action_client/environment/ament_prefix_path.dsv
[1.843s] -- Up-to-date symlink: /home/muzz/ros2_ws/install/examples_rclcpp_minimal_action_client/share/examples_rclcpp_minimal_action_client/environment/path.sh
[1.845s] -- Up-to-date symlink: /home/muzz/ros2_ws/install/examples_rclcpp_minimal_action_client/share/examples_rclcpp_minimal_action_client/environment/path.dsv
[1.846s] -- Up-to-date symlink: /home/muzz/ros2_ws/install/examples_rclcpp_minimal_action_client/share/examples_rclcpp_minimal_action_client/local_setup.bash
[1.846s] -- Up-to-date symlink: /home/muzz/ros2_ws/install/examples_rclcpp_minimal_action_client/share/examples_rclcpp_minimal_action_client/local_setup.sh
[1.846s] -- Up-to-date symlink: /home/muzz/ros2_ws/install/examples_rclcpp_minimal_action_client/share/examples_rclcpp_minimal_action_client/local_setup.zsh
[1.846s] -- Up-to-date symlink: /home/muzz/ros2_ws/install/examples_rclcpp_minimal_action_client/share/examples_rclcpp_minimal_action_client/local_setup.dsv
[1.847s] -- Symlinking: /home/muzz/ros2_ws/install/examples_rclcpp_minimal_action_client/share/examples_rclcpp_minimal_action_client/package.dsv
[1.847s] -- Up-to-date symlink: /home/muzz/ros2_ws/install/examples_rclcpp_minimal_action_client/share/ament_index/resource_index/packages/examples_rclcpp_minimal_action_client
[1.847s] -- Up-to-date symlink: /home/muzz/ros2_ws/install/examples_rclcpp_minimal_action_client/share/examples_rclcpp_minimal_action_client/cmake/examples_rclcpp_minimal_action_clientConfig.cmake
[1.847s] -- Up-to-date symlink: /home/muzz/ros2_ws/install/examples_rclcpp_minimal_action_client/share/examples_rclcpp_minimal_action_client/cmake/examples_rclcpp_minimal_action_clientConfig-version.cmake
[1.847s] -- Up-to-date symlink: /home/muzz/ros2_ws/install/examples_rclcpp_minimal_action_client/share/examples_rclcpp_minimal_action_client/package.xml
[1.890s] Invoked command in '/home/muzz/ros2_ws/build/examples_rclcpp_minimal_action_client' returned '0': CMAKE_PREFIX_PATH=${CMAKE_PREFIX_PATH}:/home/muzz/ros2_ws/install/muzz_package:/home/muzz/ros2_ws/install/teleop_twist_keyboard:/home/muzz/ros2_ws/install/examples_rclpy_minimal_subscriber:/home/muzz/ros2_ws/install/examples_rclpy_minimal_service:/home/muzz/ros2_ws/install/examples_rclpy_minimal_publisher:/home/muzz/ros2_ws/install/examples_rclpy_minimal_client:/home/muzz/ros2_ws/install/examples_rclpy_minimal_action_server:/home/muzz/ros2_ws/install/examples_rclpy_minimal_action_client:/home/muzz/ros2_ws/install/examples_rclpy_executors:/opt/ros/foxy /usr/bin/cmake --install /home/muzz/ros2_ws/build/examples_rclcpp_minimal_action_client
