[2.459s] Invoking command in '/home/muzz/ros2_ws/build/examples_rclpy_executors': PYTHONPATH=/home/muzz/ros2_ws/build/examples_rclpy_executors/prefix_override:/home/muzz/ros2_ws/install/examples_rclpy_executors/lib/python3.8/site-packages:${PYTHONPATH} /usr/bin/python3 -W ignore:setup.py install is deprecated setup.py develop --editable --build-directory /home/muzz/ros2_ws/build/examples_rclpy_executors/build --no-deps symlink_data --force
[2.670s] running develop
[2.774s] running egg_info
[2.775s] writing examples_rclpy_executors.egg-info/PKG-INFO
[2.775s] writing dependency_links to examples_rclpy_executors.egg-info/dependency_links.txt
[2.775s] writing entry points to examples_rclpy_executors.egg-info/entry_points.txt
[2.775s] writing requirements to examples_rclpy_executors.egg-info/requires.txt
[2.775s] writing top-level names to examples_rclpy_executors.egg-info/top_level.txt
[2.804s] reading manifest file 'examples_rclpy_executors.egg-info/SOURCES.txt'
[2.804s] writing manifest file 'examples_rclpy_executors.egg-info/SOURCES.txt'
[2.837s] running build_ext
[2.837s] Creating /home/muzz/ros2_ws/install/examples_rclpy_executors/lib/python3.8/site-packages/examples-rclpy-executors.egg-link (link to .)
[2.838s] Installing callback_group script to /home/muzz/ros2_ws/install/examples_rclpy_executors/lib/examples_rclpy_executors
[2.839s] Installing composed script to /home/muzz/ros2_ws/install/examples_rclpy_executors/lib/examples_rclpy_executors
[2.839s] Installing custom_callback_group script to /home/muzz/ros2_ws/install/examples_rclpy_executors/lib/examples_rclpy_executors
[2.839s] Installing custom_executor script to /home/muzz/ros2_ws/install/examples_rclpy_executors/lib/examples_rclpy_executors
[2.839s] Installing listener script to /home/muzz/ros2_ws/install/examples_rclpy_executors/lib/examples_rclpy_executors
[2.839s] Installing talker script to /home/muzz/ros2_ws/install/examples_rclpy_executors/lib/examples_rclpy_executors
[2.840s] 
[2.840s] Installed /home/muzz/ros2_ws/build/examples_rclpy_executors
[2.840s] running symlink_data
[2.840s] symbolically linking /home/muzz/ros2_ws/build/examples_rclpy_executors/resource/examples_rclpy_executors -> /home/muzz/ros2_ws/install/examples_rclpy_executors/share/ament_index/resource_index/packages
[2.840s] symbolically linking /home/muzz/ros2_ws/build/examples_rclpy_executors/package.xml -> /home/muzz/ros2_ws/install/examples_rclpy_executors/share/examples_rclpy_executors
[2.902s] Invoked command in '/home/muzz/ros2_ws/build/examples_rclpy_executors' returned '0': PYTHONPATH=/home/muzz/ros2_ws/build/examples_rclpy_executors/prefix_override:/home/muzz/ros2_ws/install/examples_rclpy_executors/lib/python3.8/site-packages:${PYTHONPATH} /usr/bin/python3 -W ignore:setup.py install is deprecated setup.py develop --editable --build-directory /home/muzz/ros2_ws/build/examples_rclpy_executors/build --no-deps symlink_data --force
