[2.453s] Invoking command in '/home/muzz/ros2_ws/build/examples_rclpy_minimal_action_client': PYTHONPATH=/home/muzz/ros2_ws/build/examples_rclpy_minimal_action_client/prefix_override:/home/muzz/ros2_ws/install/examples_rclpy_minimal_action_client/lib/python3.8/site-packages:${PYTHONPATH} /usr/bin/python3 -W ignore:setup.py install is deprecated setup.py develop --editable --build-directory /home/muzz/ros2_ws/build/examples_rclpy_minimal_action_client/build --no-deps symlink_data --force
[2.698s] running develop
[2.854s] running egg_info
[2.854s] writing examples_rclpy_minimal_action_client.egg-info/PKG-INFO
[2.855s] writing dependency_links to examples_rclpy_minimal_action_client.egg-info/dependency_links.txt
[2.855s] writing entry points to examples_rclpy_minimal_action_client.egg-info/entry_points.txt
[2.855s] writing requirements to examples_rclpy_minimal_action_client.egg-info/requires.txt
[2.855s] writing top-level names to examples_rclpy_minimal_action_client.egg-info/top_level.txt
[2.900s] reading manifest file 'examples_rclpy_minimal_action_client.egg-info/SOURCES.txt'
[2.901s] writing manifest file 'examples_rclpy_minimal_action_client.egg-info/SOURCES.txt'
[2.948s] running build_ext
[2.948s] Creating /home/muzz/ros2_ws/install/examples_rclpy_minimal_action_client/lib/python3.8/site-packages/examples-rclpy-minimal-action-client.egg-link (link to .)
[2.949s] Installing client script to /home/muzz/ros2_ws/install/examples_rclpy_minimal_action_client/lib/examples_rclpy_minimal_action_client
[2.949s] Installing client_cancel script to /home/muzz/ros2_ws/install/examples_rclpy_minimal_action_client/lib/examples_rclpy_minimal_action_client
[2.949s] Installing client_not_composable script to /home/muzz/ros2_ws/install/examples_rclpy_minimal_action_client/lib/examples_rclpy_minimal_action_client
[2.950s] 
[2.950s] Installed /home/muzz/ros2_ws/build/examples_rclpy_minimal_action_client
[2.950s] running symlink_data
[2.950s] symbolically linking /home/muzz/ros2_ws/build/examples_rclpy_minimal_action_client/resource/examples_rclpy_minimal_action_client -> /home/muzz/ros2_ws/install/examples_rclpy_minimal_action_client/share/ament_index/resource_index/packages
[2.950s] symbolically linking /home/muzz/ros2_ws/build/examples_rclpy_minimal_action_client/package.xml -> /home/muzz/ros2_ws/install/examples_rclpy_minimal_action_client/share/examples_rclpy_minimal_action_client
[3.001s] Invoked command in '/home/muzz/ros2_ws/build/examples_rclpy_minimal_action_client' returned '0': PYTHONPATH=/home/muzz/ros2_ws/build/examples_rclpy_minimal_action_client/prefix_override:/home/muzz/ros2_ws/install/examples_rclpy_minimal_action_client/lib/python3.8/site-packages:${PYTHONPATH} /usr/bin/python3 -W ignore:setup.py install is deprecated setup.py develop --editable --build-directory /home/muzz/ros2_ws/build/examples_rclpy_minimal_action_client/build --no-deps symlink_data --force
