[0.188s] Invoking command in '/home/muzz/ros2_ws/build/examples_rclcpp_minimal_action_server': CMAKE_PREFIX_PATH=/opt/ros/foxy /usr/bin/cmake /home/muzz/ros2_ws/src/examples/rclcpp/actions/minimal_action_server -DCMAKE_INSTALL_PREFIX=/home/muzz/ros2_ws/install/examples_rclcpp_minimal_action_server
[1.710s] -- Found ament_cmake: 0.9.12 (/opt/ros/foxy/share/ament_cmake/cmake)
[1.710s] -- Using PYTHON_EXECUTABLE: /usr/bin/python3
[1.711s] -- Override CMake install command with custom implementation using symlinks instead of copying resources
[1.711s] -- Found example_interfaces: 0.9.1 (/opt/ros/foxy/share/example_interfaces/cmake)
[1.711s] -- Using all available rosidl_typesupport_c: rosidl_typesupport_fastrtps_c;rosidl_typesupport_introspection_c
[1.711s] -- Found rosidl_adapter: 1.3.1 (/opt/ros/foxy/share/rosidl_adapter/cmake)
[1.711s] -- Using all available rosidl_typesupport_cpp: rosidl_typesupport_fastrtps_cpp;rosidl_typesupport_introspection_cpp
[1.712s] -- Found rclcpp: 2.4.3 (/opt/ros/foxy/share/rclcpp/cmake)
[1.712s] -- Found rmw_implementation_cmake: 1.0.4 (/opt/ros/foxy/share/rmw_implementation_cmake/cmake)
[1.714s] -- Using RMW implementation 'rmw_fastrtps_cpp' as default
[1.714s] -- Found rclcpp_action: 2.4.3 (/opt/ros/foxy/share/rclcpp_action/cmake)
[1.717s] -- Found ament_lint_auto: 0.9.8 (/opt/ros/foxy/share/ament_lint_auto/cmake)
[1.717s] -- Added test 'copyright' to check source files copyright and LICENSE
[1.717s] -- Added test 'cppcheck' to perform static code analysis on C / C++ code
[1.717s] -- Configured cppcheck include dirs: 
[1.717s] -- Configured cppcheck exclude dirs and/or files: 
[1.717s] -- Added test 'cpplint' to check C / C++ code against the Google style
[1.718s] -- Configured cpplint exclude dirs and/or files: 
[1.718s] -- Added test 'lint_cmake' to check CMake code style
[1.718s] -- Added test 'uncrustify' to check C / C++ code style
[1.718s] -- Configured uncrustify additional arguments: 
[1.718s] -- Added test 'xmllint' to check XML markup files
[1.718s] -- Configuring done
[1.718s] -- Generating done
[1.719s] -- Build files have been written to: /home/muzz/ros2_ws/build/examples_rclcpp_minimal_action_server
[1.758s] Invoked command in '/home/muzz/ros2_ws/build/examples_rclcpp_minimal_action_server' returned '0': CMAKE_PREFIX_PATH=/opt/ros/foxy /usr/bin/cmake /home/muzz/ros2_ws/src/examples/rclcpp/actions/minimal_action_server -DCMAKE_INSTALL_PREFIX=/home/muzz/ros2_ws/install/examples_rclcpp_minimal_action_server
[1.760s] Invoking command in '/home/muzz/ros2_ws/build/examples_rclcpp_minimal_action_server': CMAKE_PREFIX_PATH=/opt/ros/foxy /usr/bin/cmake --build /home/muzz/ros2_ws/build/examples_rclcpp_minimal_action_server -- -j16 -l16
[1.833s] [ 50%] Built target action_server_not_composable
[1.841s] [100%] Built target action_server_member_functions
[1.911s] Invoked command in '/home/muzz/ros2_ws/build/examples_rclcpp_minimal_action_server' returned '0': CMAKE_PREFIX_PATH=/opt/ros/foxy /usr/bin/cmake --build /home/muzz/ros2_ws/build/examples_rclcpp_minimal_action_server -- -j16 -l16
[1.997s] Invoking command in '/home/muzz/ros2_ws/build/examples_rclcpp_minimal_action_server': CMAKE_PREFIX_PATH=/opt/ros/foxy /usr/bin/cmake --install /home/muzz/ros2_ws/build/examples_rclcpp_minimal_action_server
[2.014s] -- Install configuration: ""
[2.014s] -- Execute custom install script
[2.014s] -- Up-to-date symlink: /home/muzz/ros2_ws/install/examples_rclcpp_minimal_action_server/lib/examples_rclcpp_minimal_action_server/action_server_not_composable
[2.016s] -- Up-to-date symlink: /home/muzz/ros2_ws/install/examples_rclcpp_minimal_action_server/lib/examples_rclcpp_minimal_action_server/action_server_member_functions
[2.016s] -- Up-to-date symlink: /home/muzz/ros2_ws/install/examples_rclcpp_minimal_action_server/share/ament_index/resource_index/package_run_dependencies/examples_rclcpp_minimal_action_server
[2.016s] -- Up-to-date symlink: /home/muzz/ros2_ws/install/examples_rclcpp_minimal_action_server/share/ament_index/resource_index/parent_prefix_path/examples_rclcpp_minimal_action_server
[2.016s] -- Up-to-date symlink: /home/muzz/ros2_ws/install/examples_rclcpp_minimal_action_server/share/examples_rclcpp_minimal_action_server/environment/ament_prefix_path.sh
[2.017s] -- Up-to-date symlink: /home/muzz/ros2_ws/install/examples_rclcpp_minimal_action_server/share/examples_rclcpp_minimal_action_server/environment/ament_prefix_path.dsv
[2.017s] -- Up-to-date symlink: /home/muzz/ros2_ws/install/examples_rclcpp_minimal_action_server/share/examples_rclcpp_minimal_action_server/environment/path.sh
[2.018s] -- Up-to-date symlink: /home/muzz/ros2_ws/install/examples_rclcpp_minimal_action_server/share/examples_rclcpp_minimal_action_server/environment/path.dsv
[2.018s] -- Up-to-date symlink: /home/muzz/ros2_ws/install/examples_rclcpp_minimal_action_server/share/examples_rclcpp_minimal_action_server/local_setup.bash
[2.018s] -- Up-to-date symlink: /home/muzz/ros2_ws/install/examples_rclcpp_minimal_action_server/share/examples_rclcpp_minimal_action_server/local_setup.sh
[2.018s] -- Up-to-date symlink: /home/muzz/ros2_ws/install/examples_rclcpp_minimal_action_server/share/examples_rclcpp_minimal_action_server/local_setup.zsh
[2.018s] -- Up-to-date symlink: /home/muzz/ros2_ws/install/examples_rclcpp_minimal_action_server/share/examples_rclcpp_minimal_action_server/local_setup.dsv
[2.019s] -- Symlinking: /home/muzz/ros2_ws/install/examples_rclcpp_minimal_action_server/share/examples_rclcpp_minimal_action_server/package.dsv
[2.033s] -- Up-to-date symlink: /home/muzz/ros2_ws/install/examples_rclcpp_minimal_action_server/share/ament_index/resource_index/packages/examples_rclcpp_minimal_action_server
[2.033s] -- Up-to-date symlink: /home/muzz/ros2_ws/install/examples_rclcpp_minimal_action_server/share/examples_rclcpp_minimal_action_server/cmake/examples_rclcpp_minimal_action_serverConfig.cmake
[2.033s] -- Up-to-date symlink: /home/muzz/ros2_ws/install/examples_rclcpp_minimal_action_server/share/examples_rclcpp_minimal_action_server/cmake/examples_rclcpp_minimal_action_serverConfig-version.cmake
[2.033s] -- Up-to-date symlink: /home/muzz/ros2_ws/install/examples_rclcpp_minimal_action_server/share/examples_rclcpp_minimal_action_server/package.xml
[2.107s] Invoked command in '/home/muzz/ros2_ws/build/examples_rclcpp_minimal_action_server' returned '0': CMAKE_PREFIX_PATH=/opt/ros/foxy /usr/bin/cmake --install /home/muzz/ros2_ws/build/examples_rclcpp_minimal_action_server
