[0.149s] Invoking command in '/home/muzz/ros2_ws/build/examples_rclcpp_minimal_timer': CMAKE_PREFIX_PATH=/opt/ros/foxy /usr/bin/cmake /home/muzz/ros2_ws/src/examples/rclcpp/timers/minimal_timer -DAMENT_CMAKE_SYMLINK_INSTALL=1 -DCMAKE_INSTALL_PREFIX=/home/muzz/ros2_ws/install/examples_rclcpp_minimal_timer
[1.968s] -- The C compiler identification is GNU 9.4.0
[1.968s] -- The CXX compiler identification is GNU 9.4.0
[1.968s] -- Check for working C compiler: /usr/bin/cc
[1.968s] -- Check for working C compiler: /usr/bin/cc -- works
[1.968s] -- Detecting C compiler ABI info
[1.968s] -- Detecting C compiler ABI info - done
[1.968s] -- Detecting C compile features
[1.968s] -- Detecting C compile features - done
[1.968s] -- Check for working CXX compiler: /usr/bin/c++
[1.968s] -- Check for working CXX compiler: /usr/bin/c++ -- works
[1.968s] -- Detecting CXX compiler ABI info
[1.968s] -- Detecting CXX compiler ABI info - done
[1.968s] -- Detecting CXX compile features
[1.968s] -- Detecting CXX compile features - done
[1.968s] -- Found ament_cmake: 0.9.12 (/opt/ros/foxy/share/ament_cmake/cmake)
[1.969s] -- Found PythonInterp: /usr/bin/python3 (found suitable version "3.8.10", minimum required is "3") 
[1.969s] -- Using PYTHON_EXECUTABLE: /usr/bin/python3
[1.971s] -- Override CMake install command with custom implementation using symlinks instead of copying resources
[1.972s] -- Found rclcpp: 2.4.3 (/opt/ros/foxy/share/rclcpp/cmake)
[1.972s] -- Using all available rosidl_typesupport_c: rosidl_typesupport_fastrtps_c;rosidl_typesupport_introspection_c
[1.972s] -- Found rosidl_adapter: 1.3.1 (/opt/ros/foxy/share/rosidl_adapter/cmake)
[1.973s] -- Found OpenSSL: /usr/lib/x86_64-linux-gnu/libcrypto.so (found version "1.1.1f")  
[1.973s] -- Found FastRTPS: /opt/ros/foxy/include  
[1.973s] -- Using all available rosidl_typesupport_cpp: rosidl_typesupport_fastrtps_cpp;rosidl_typesupport_introspection_cpp
[1.973s] -- Found rmw_implementation_cmake: 1.0.4 (/opt/ros/foxy/share/rmw_implementation_cmake/cmake)
[1.973s] -- Using RMW implementation 'rmw_fastrtps_cpp' as default
[1.973s] -- Looking for pthread.h
[1.973s] -- Looking for pthread.h - found
[1.973s] -- Performing Test CMAKE_HAVE_LIBC_PTHREAD
[1.973s] -- Performing Test CMAKE_HAVE_LIBC_PTHREAD - Failed
[1.973s] -- Looking for pthread_create in pthreads
[1.973s] -- Looking for pthread_create in pthreads - not found
[1.973s] -- Looking for pthread_create in pthread
[1.973s] -- Looking for pthread_create in pthread - found
[1.973s] -- Found Threads: TRUE  
[2.124s] -- Found ament_lint_auto: 0.9.8 (/opt/ros/foxy/share/ament_lint_auto/cmake)
[2.267s] -- Added test 'copyright' to check source files copyright and LICENSE
[2.268s] -- Added test 'cppcheck' to perform static code analysis on C / C++ code
[2.268s] -- Configured cppcheck include dirs: 
[2.268s] -- Configured cppcheck exclude dirs and/or files: 
[2.269s] -- Added test 'cpplint' to check C / C++ code against the Google style
[2.270s] -- Configured cpplint exclude dirs and/or files: 
[2.270s] -- Added test 'lint_cmake' to check CMake code style
[2.272s] -- Added test 'uncrustify' to check C / C++ code style
[2.277s] -- Configured uncrustify additional arguments: 
[2.277s] -- Added test 'xmllint' to check XML markup files
[2.280s] -- Configuring done
[2.298s] -- Generating done
[2.301s] -- Build files have been written to: /home/muzz/ros2_ws/build/examples_rclcpp_minimal_timer
[2.326s] Invoked command in '/home/muzz/ros2_ws/build/examples_rclcpp_minimal_timer' returned '0': CMAKE_PREFIX_PATH=/opt/ros/foxy /usr/bin/cmake /home/muzz/ros2_ws/src/examples/rclcpp/timers/minimal_timer -DAMENT_CMAKE_SYMLINK_INSTALL=1 -DCMAKE_INSTALL_PREFIX=/home/muzz/ros2_ws/install/examples_rclcpp_minimal_timer
[2.327s] Invoking command in '/home/muzz/ros2_ws/build/examples_rclcpp_minimal_timer': CMAKE_PREFIX_PATH=/opt/ros/foxy /usr/bin/cmake --build /home/muzz/ros2_ws/build/examples_rclcpp_minimal_timer -- -j16 -l16
[2.396s] [35m[1mScanning dependencies of target timer_member_function[0m
[2.396s] [35m[1mScanning dependencies of target timer_lambda[0m
[2.492s] [ 25%] [32mBuilding CXX object CMakeFiles/timer_member_function.dir/member_function.cpp.o[0m
[2.514s] [ 50%] [32mBuilding CXX object CMakeFiles/timer_lambda.dir/lambda.cpp.o[0m
[6.091s] [ 75%] [32m[1mLinking CXX executable timer_member_function[0m
[6.495s] [100%] [32m[1mLinking CXX executable timer_lambda[0m
[6.669s] [100%] Built target timer_member_function
[6.939s] [100%] Built target timer_lambda
[6.991s] Invoked command in '/home/muzz/ros2_ws/build/examples_rclcpp_minimal_timer' returned '0': CMAKE_PREFIX_PATH=/opt/ros/foxy /usr/bin/cmake --build /home/muzz/ros2_ws/build/examples_rclcpp_minimal_timer -- -j16 -l16
[7.500s] Invoking command in '/home/muzz/ros2_ws/build/examples_rclcpp_minimal_timer': CMAKE_PREFIX_PATH=/opt/ros/foxy /usr/bin/cmake --install /home/muzz/ros2_ws/build/examples_rclcpp_minimal_timer
[7.534s] -- Install configuration: ""
[7.535s] -- Execute custom install script
[7.536s] -- Symlinking: /home/muzz/ros2_ws/install/examples_rclcpp_minimal_timer/lib/examples_rclcpp_minimal_timer/timer_lambda
[7.551s] -- Symlinking: /home/muzz/ros2_ws/install/examples_rclcpp_minimal_timer/lib/examples_rclcpp_minimal_timer/timer_member_function
[7.578s] -- Symlinking: /home/muzz/ros2_ws/install/examples_rclcpp_minimal_timer/share/ament_index/resource_index/package_run_dependencies/examples_rclcpp_minimal_timer
[7.593s] -- Symlinking: /home/muzz/ros2_ws/install/examples_rclcpp_minimal_timer/share/ament_index/resource_index/parent_prefix_path/examples_rclcpp_minimal_timer
[7.627s] -- Symlinking: /home/muzz/ros2_ws/install/examples_rclcpp_minimal_timer/share/examples_rclcpp_minimal_timer/environment/ament_prefix_path.sh
[7.670s] -- Symlinking: /home/muzz/ros2_ws/install/examples_rclcpp_minimal_timer/share/examples_rclcpp_minimal_timer/environment/ament_prefix_path.dsv
[7.712s] -- Symlinking: /home/muzz/ros2_ws/install/examples_rclcpp_minimal_timer/share/examples_rclcpp_minimal_timer/environment/path.sh
[7.765s] -- Symlinking: /home/muzz/ros2_ws/install/examples_rclcpp_minimal_timer/share/examples_rclcpp_minimal_timer/environment/path.dsv
[7.791s] -- Symlinking: /home/muzz/ros2_ws/install/examples_rclcpp_minimal_timer/share/examples_rclcpp_minimal_timer/local_setup.bash
[7.822s] -- Symlinking: /home/muzz/ros2_ws/install/examples_rclcpp_minimal_timer/share/examples_rclcpp_minimal_timer/local_setup.sh
[7.866s] -- Symlinking: /home/muzz/ros2_ws/install/examples_rclcpp_minimal_timer/share/examples_rclcpp_minimal_timer/local_setup.zsh
[7.904s] -- Symlinking: /home/muzz/ros2_ws/install/examples_rclcpp_minimal_timer/share/examples_rclcpp_minimal_timer/local_setup.dsv
[7.944s] -- Symlinking: /home/muzz/ros2_ws/install/examples_rclcpp_minimal_timer/share/examples_rclcpp_minimal_timer/package.dsv
[7.975s] -- Symlinking: /home/muzz/ros2_ws/install/examples_rclcpp_minimal_timer/share/ament_index/resource_index/packages/examples_rclcpp_minimal_timer
[8.020s] -- Symlinking: /home/muzz/ros2_ws/install/examples_rclcpp_minimal_timer/share/examples_rclcpp_minimal_timer/cmake/examples_rclcpp_minimal_timerConfig.cmake
[8.038s] -- Symlinking: /home/muzz/ros2_ws/install/examples_rclcpp_minimal_timer/share/examples_rclcpp_minimal_timer/cmake/examples_rclcpp_minimal_timerConfig-version.cmake
[8.067s] -- Symlinking: /home/muzz/ros2_ws/install/examples_rclcpp_minimal_timer/share/examples_rclcpp_minimal_timer/package.xml
[8.111s] Invoked command in '/home/muzz/ros2_ws/build/examples_rclcpp_minimal_timer' returned '0': CMAKE_PREFIX_PATH=/opt/ros/foxy /usr/bin/cmake --install /home/muzz/ros2_ws/build/examples_rclcpp_minimal_timer
