[0.161s] Invoking command in '/home/muzz/ros2_ws/build/examples_rclcpp_minimal_publisher': CMAKE_PREFIX_PATH=/opt/ros/foxy /usr/bin/cmake /home/muzz/ros2_ws/src/examples/rclcpp/topics/minimal_publisher -DAMENT_CMAKE_SYMLINK_INSTALL=1 -DCMAKE_INSTALL_PREFIX=/home/muzz/ros2_ws/install/examples_rclcpp_minimal_publisher
[1.973s] -- The C compiler identification is GNU 9.4.0
[1.973s] -- The CXX compiler identification is GNU 9.4.0
[1.973s] -- Check for working C compiler: /usr/bin/cc
[1.973s] -- Check for working C compiler: /usr/bin/cc -- works
[1.973s] -- Detecting C compiler ABI info
[1.973s] -- Detecting C compiler ABI info - done
[1.973s] -- Detecting C compile features
[1.973s] -- Detecting C compile features - done
[1.973s] -- Check for working CXX compiler: /usr/bin/c++
[1.974s] -- Check for working CXX compiler: /usr/bin/c++ -- works
[1.976s] -- Detecting CXX compiler ABI info
[1.976s] -- Detecting CXX compiler ABI info - done
[1.977s] -- Detecting CXX compile features
[1.978s] -- Detecting CXX compile features - done
[1.978s] -- Found ament_cmake: 0.9.12 (/opt/ros/foxy/share/ament_cmake/cmake)
[1.979s] -- Found PythonInterp: /usr/bin/python3 (found suitable version "3.8.10", minimum required is "3") 
[1.982s] -- Using PYTHON_EXECUTABLE: /usr/bin/python3
[1.982s] -- Override CMake install command with custom implementation using symlinks instead of copying resources
[1.982s] -- Found rclcpp: 2.4.3 (/opt/ros/foxy/share/rclcpp/cmake)
[1.982s] -- Using all available rosidl_typesupport_c: rosidl_typesupport_fastrtps_c;rosidl_typesupport_introspection_c
[1.983s] -- Found rosidl_adapter: 1.3.1 (/opt/ros/foxy/share/rosidl_adapter/cmake)
[1.983s] -- Found OpenSSL: /usr/lib/x86_64-linux-gnu/libcrypto.so (found version "1.1.1f")  
[1.983s] -- Found FastRTPS: /opt/ros/foxy/include  
[1.983s] -- Using all available rosidl_typesupport_cpp: rosidl_typesupport_fastrtps_cpp;rosidl_typesupport_introspection_cpp
[1.983s] -- Found rmw_implementation_cmake: 1.0.4 (/opt/ros/foxy/share/rmw_implementation_cmake/cmake)
[1.983s] -- Using RMW implementation 'rmw_fastrtps_cpp' as default
[1.983s] -- Looking for pthread.h
[1.983s] -- Looking for pthread.h - found
[1.983s] -- Performing Test CMAKE_HAVE_LIBC_PTHREAD
[1.983s] -- Performing Test CMAKE_HAVE_LIBC_PTHREAD - Failed
[1.983s] -- Looking for pthread_create in pthreads
[1.983s] -- Looking for pthread_create in pthreads - not found
[1.983s] -- Looking for pthread_create in pthread
[2.006s] -- Looking for pthread_create in pthread - found
[2.006s] -- Found Threads: TRUE  
[2.197s] -- Found ament_lint_auto: 0.9.8 (/opt/ros/foxy/share/ament_lint_auto/cmake)
[2.316s] -- Added test 'copyright' to check source files copyright and LICENSE
[2.318s] -- Added test 'cppcheck' to perform static code analysis on C / C++ code
[2.319s] -- Configured cppcheck include dirs: 
[2.319s] -- Configured cppcheck exclude dirs and/or files: 
[2.321s] -- Added test 'cpplint' to check C / C++ code against the Google style
[2.321s] -- Configured cpplint exclude dirs and/or files: 
[2.322s] -- Added test 'lint_cmake' to check CMake code style
[2.324s] -- Added test 'uncrustify' to check C / C++ code style
[2.324s] -- Configured uncrustify additional arguments: 
[2.328s] -- Added test 'xmllint' to check XML markup files
[2.330s] -- Configuring done
[2.349s] -- Generating done
[2.357s] -- Build files have been written to: /home/muzz/ros2_ws/build/examples_rclcpp_minimal_publisher
[2.379s] Invoked command in '/home/muzz/ros2_ws/build/examples_rclcpp_minimal_publisher' returned '0': CMAKE_PREFIX_PATH=/opt/ros/foxy /usr/bin/cmake /home/muzz/ros2_ws/src/examples/rclcpp/topics/minimal_publisher -DAMENT_CMAKE_SYMLINK_INSTALL=1 -DCMAKE_INSTALL_PREFIX=/home/muzz/ros2_ws/install/examples_rclcpp_minimal_publisher
[2.381s] Invoking command in '/home/muzz/ros2_ws/build/examples_rclcpp_minimal_publisher': CMAKE_PREFIX_PATH=/opt/ros/foxy /usr/bin/cmake --build /home/muzz/ros2_ws/build/examples_rclcpp_minimal_publisher -- -j16 -l16
[2.457s] [35m[1mScanning dependencies of target publisher_member_function[0m
[2.465s] [35m[1mScanning dependencies of target publisher_lambda[0m
[2.469s] [35m[1mScanning dependencies of target publisher_not_composable[0m
[2.520s] [ 16%] [32mBuilding CXX object CMakeFiles/publisher_member_function.dir/member_function.cpp.o[0m
[2.539s] [ 33%] [32mBuilding CXX object CMakeFiles/publisher_lambda.dir/lambda.cpp.o[0m
[2.556s] [ 50%] [32mBuilding CXX object CMakeFiles/publisher_not_composable.dir/not_composable.cpp.o[0m
[7.847s] [ 66%] [32m[1mLinking CXX executable publisher_not_composable[0m
[8.257s] [ 66%] Built target publisher_not_composable
[8.449s] [ 83%] [32m[1mLinking CXX executable publisher_lambda[0m
[8.748s] [100%] [32m[1mLinking CXX executable publisher_member_function[0m
[8.781s] [100%] Built target publisher_lambda
[9.028s] [100%] Built target publisher_member_function
[9.048s] Invoked command in '/home/muzz/ros2_ws/build/examples_rclcpp_minimal_publisher' returned '0': CMAKE_PREFIX_PATH=/opt/ros/foxy /usr/bin/cmake --build /home/muzz/ros2_ws/build/examples_rclcpp_minimal_publisher -- -j16 -l16
[9.110s] Invoking command in '/home/muzz/ros2_ws/build/examples_rclcpp_minimal_publisher': CMAKE_PREFIX_PATH=/opt/ros/foxy /usr/bin/cmake --install /home/muzz/ros2_ws/build/examples_rclcpp_minimal_publisher
[9.125s] -- Install configuration: ""
[9.125s] -- Execute custom install script
[9.126s] -- Symlinking: /home/muzz/ros2_ws/install/examples_rclcpp_minimal_publisher/lib/examples_rclcpp_minimal_publisher/publisher_lambda
[9.144s] -- Symlinking: /home/muzz/ros2_ws/install/examples_rclcpp_minimal_publisher/lib/examples_rclcpp_minimal_publisher/publisher_member_function
[9.161s] -- Symlinking: /home/muzz/ros2_ws/install/examples_rclcpp_minimal_publisher/lib/examples_rclcpp_minimal_publisher/publisher_not_composable
[9.177s] -- Symlinking: /home/muzz/ros2_ws/install/examples_rclcpp_minimal_publisher/share/ament_index/resource_index/package_run_dependencies/examples_rclcpp_minimal_publisher
[9.193s] -- Symlinking: /home/muzz/ros2_ws/install/examples_rclcpp_minimal_publisher/share/ament_index/resource_index/parent_prefix_path/examples_rclcpp_minimal_publisher
[9.210s] -- Symlinking: /home/muzz/ros2_ws/install/examples_rclcpp_minimal_publisher/share/examples_rclcpp_minimal_publisher/environment/ament_prefix_path.sh
[9.227s] -- Symlinking: /home/muzz/ros2_ws/install/examples_rclcpp_minimal_publisher/share/examples_rclcpp_minimal_publisher/environment/ament_prefix_path.dsv
[9.244s] -- Symlinking: /home/muzz/ros2_ws/install/examples_rclcpp_minimal_publisher/share/examples_rclcpp_minimal_publisher/environment/path.sh
[9.261s] -- Symlinking: /home/muzz/ros2_ws/install/examples_rclcpp_minimal_publisher/share/examples_rclcpp_minimal_publisher/environment/path.dsv
[9.278s] -- Symlinking: /home/muzz/ros2_ws/install/examples_rclcpp_minimal_publisher/share/examples_rclcpp_minimal_publisher/local_setup.bash
[9.295s] -- Symlinking: /home/muzz/ros2_ws/install/examples_rclcpp_minimal_publisher/share/examples_rclcpp_minimal_publisher/local_setup.sh
[9.311s] -- Symlinking: /home/muzz/ros2_ws/install/examples_rclcpp_minimal_publisher/share/examples_rclcpp_minimal_publisher/local_setup.zsh
[9.327s] -- Symlinking: /home/muzz/ros2_ws/install/examples_rclcpp_minimal_publisher/share/examples_rclcpp_minimal_publisher/local_setup.dsv
[9.343s] -- Symlinking: /home/muzz/ros2_ws/install/examples_rclcpp_minimal_publisher/share/examples_rclcpp_minimal_publisher/package.dsv
[9.360s] -- Symlinking: /home/muzz/ros2_ws/install/examples_rclcpp_minimal_publisher/share/ament_index/resource_index/packages/examples_rclcpp_minimal_publisher
[9.373s] -- Symlinking: /home/muzz/ros2_ws/install/examples_rclcpp_minimal_publisher/share/examples_rclcpp_minimal_publisher/cmake/examples_rclcpp_minimal_publisherConfig.cmake
[9.383s] -- Symlinking: /home/muzz/ros2_ws/install/examples_rclcpp_minimal_publisher/share/examples_rclcpp_minimal_publisher/cmake/examples_rclcpp_minimal_publisherConfig-version.cmake
[9.397s] -- Symlinking: /home/muzz/ros2_ws/install/examples_rclcpp_minimal_publisher/share/examples_rclcpp_minimal_publisher/package.xml
[9.415s] Invoked command in '/home/muzz/ros2_ws/build/examples_rclcpp_minimal_publisher' returned '0': CMAKE_PREFIX_PATH=/opt/ros/foxy /usr/bin/cmake --install /home/muzz/ros2_ws/build/examples_rclcpp_minimal_publisher
