[2.579s] Invoking command in '/home/muzz/ros2_ws/build/examples_rclpy_minimal_service': PYTHONPATH=/home/muzz/ros2_ws/build/examples_rclpy_minimal_service/prefix_override:/home/muzz/ros2_ws/install/examples_rclpy_minimal_service/lib/python3.8/site-packages:${PYTHONPATH} /usr/bin/python3 -W ignore:setup.py install is deprecated setup.py develop --editable --build-directory /home/muzz/ros2_ws/build/examples_rclpy_minimal_service/build --no-deps symlink_data
[3.833s] running develop
[3.833s] running egg_info
[3.834s] creating examples_rclpy_minimal_service.egg-info
[3.835s] writing examples_rclpy_minimal_service.egg-info/PKG-INFO
[3.836s] writing dependency_links to examples_rclpy_minimal_service.egg-info/dependency_links.txt
[3.837s] writing entry points to examples_rclpy_minimal_service.egg-info/entry_points.txt
[3.837s] writing requirements to examples_rclpy_minimal_service.egg-info/requires.txt
[3.840s] writing top-level names to examples_rclpy_minimal_service.egg-info/top_level.txt
[3.840s] writing manifest file 'examples_rclpy_minimal_service.egg-info/SOURCES.txt'
[3.840s] reading manifest file 'examples_rclpy_minimal_service.egg-info/SOURCES.txt'
[3.841s] writing manifest file 'examples_rclpy_minimal_service.egg-info/SOURCES.txt'
[3.841s] running build_ext
[3.841s] Creating /home/muzz/ros2_ws/install/examples_rclpy_minimal_service/lib/python3.8/site-packages/site.py
[3.841s] Creating /home/muzz/ros2_ws/install/examples_rclpy_minimal_service/lib/python3.8/site-packages/examples-rclpy-minimal-service.egg-link (link to .)
[3.841s] Installing service script to /home/muzz/ros2_ws/install/examples_rclpy_minimal_service/lib/examples_rclpy_minimal_service
[3.841s] Installing service_member_function script to /home/muzz/ros2_ws/install/examples_rclpy_minimal_service/lib/examples_rclpy_minimal_service
[3.841s] 
[3.841s] Installed /home/muzz/ros2_ws/build/examples_rclpy_minimal_service
[3.841s] running symlink_data
[3.841s] creating /home/muzz/ros2_ws/install/examples_rclpy_minimal_service/share/ament_index
[3.841s] creating /home/muzz/ros2_ws/install/examples_rclpy_minimal_service/share/ament_index/resource_index
[3.841s] creating /home/muzz/ros2_ws/install/examples_rclpy_minimal_service/share/ament_index/resource_index/packages
[3.841s] symbolically linking /home/muzz/ros2_ws/build/examples_rclpy_minimal_service/resource/examples_rclpy_minimal_service -> /home/muzz/ros2_ws/install/examples_rclpy_minimal_service/share/ament_index/resource_index/packages
[3.842s] symbolically linking /home/muzz/ros2_ws/build/examples_rclpy_minimal_service/package.xml -> /home/muzz/ros2_ws/install/examples_rclpy_minimal_service/share/examples_rclpy_minimal_service
[3.902s] Invoked command in '/home/muzz/ros2_ws/build/examples_rclpy_minimal_service' returned '0': PYTHONPATH=/home/muzz/ros2_ws/build/examples_rclpy_minimal_service/prefix_override:/home/muzz/ros2_ws/install/examples_rclpy_minimal_service/lib/python3.8/site-packages:${PYTHONPATH} /usr/bin/python3 -W ignore:setup.py install is deprecated setup.py develop --editable --build-directory /home/muzz/ros2_ws/build/examples_rclpy_minimal_service/build --no-deps symlink_data
