[2.474s] Invoking command in '/home/muzz/ros2_ws/build/examples_rclpy_minimal_client': PYTHONPATH=/home/muzz/ros2_ws/build/examples_rclpy_minimal_client/prefix_override:/home/muzz/ros2_ws/install/examples_rclpy_minimal_client/lib/python3.8/site-packages:${PYTHONPATH} /usr/bin/python3 -W ignore:setup.py install is deprecated setup.py develop --uninstall --editable --build-directory /home/muzz/ros2_ws/build/examples_rclpy_minimal_client/build
[2.671s] running develop
[2.772s] Removing /home/muzz/ros2_ws/install/examples_rclpy_minimal_client/lib/python3.8/site-packages/examples-rclpy-minimal-client.egg-link (link to .)
[2.830s] Invoked command in '/home/muzz/ros2_ws/build/examples_rclpy_minimal_client' returned '0': PYTHONPATH=/home/muzz/ros2_ws/build/examples_rclpy_minimal_client/prefix_override:/home/muzz/ros2_ws/install/examples_rclpy_minimal_client/lib/python3.8/site-packages:${PYTHONPATH} /usr/bin/python3 -W ignore:setup.py install is deprecated setup.py develop --uninstall --editable --build-directory /home/muzz/ros2_ws/build/examples_rclpy_minimal_client/build
[2.831s] Invoking command in '/home/muzz/ros2_ws/src/examples/rclpy/services/minimal_client': PYTHONPATH=/home/muzz/ros2_ws/build/examples_rclpy_minimal_client/prefix_override:/home/muzz/ros2_ws/install/examples_rclpy_minimal_client/lib/python3.8/site-packages:${PYTHONPATH} /usr/bin/python3 -W ignore:setup.py install is deprecated setup.py egg_info --egg-base ../../../../../build/examples_rclpy_minimal_client build --build-base /home/muzz/ros2_ws/build/examples_rclpy_minimal_client/build install --record /home/muzz/ros2_ws/build/examples_rclpy_minimal_client/install.log --install-scripts $base/lib/examples_rclpy_minimal_client --single-version-externally-managed install_data --force
[3.010s] running egg_info
[3.011s] writing ../../../../../build/examples_rclpy_minimal_client/examples_rclpy_minimal_client.egg-info/PKG-INFO
[3.011s] writing dependency_links to ../../../../../build/examples_rclpy_minimal_client/examples_rclpy_minimal_client.egg-info/dependency_links.txt
[3.012s] writing entry points to ../../../../../build/examples_rclpy_minimal_client/examples_rclpy_minimal_client.egg-info/entry_points.txt
[3.012s] writing requirements to ../../../../../build/examples_rclpy_minimal_client/examples_rclpy_minimal_client.egg-info/requires.txt
[3.012s] writing top-level names to ../../../../../build/examples_rclpy_minimal_client/examples_rclpy_minimal_client.egg-info/top_level.txt
[3.041s] reading manifest file '../../../../../build/examples_rclpy_minimal_client/examples_rclpy_minimal_client.egg-info/SOURCES.txt'
[3.042s] writing manifest file '../../../../../build/examples_rclpy_minimal_client/examples_rclpy_minimal_client.egg-info/SOURCES.txt'
[3.042s] running build
[3.042s] running build_py
[3.043s] running install
[3.043s] running install_lib
[3.046s] creating /home/muzz/ros2_ws/install/examples_rclpy_minimal_client/lib/python3.8/site-packages/examples_rclpy_minimal_client
[3.046s] copying /home/muzz/ros2_ws/build/examples_rclpy_minimal_client/build/lib/examples_rclpy_minimal_client/client_async_member_function.py -> /home/muzz/ros2_ws/install/examples_rclpy_minimal_client/lib/python3.8/site-packages/examples_rclpy_minimal_client
[3.046s] copying /home/muzz/ros2_ws/build/examples_rclpy_minimal_client/build/lib/examples_rclpy_minimal_client/client_async_callback.py -> /home/muzz/ros2_ws/install/examples_rclpy_minimal_client/lib/python3.8/site-packages/examples_rclpy_minimal_client
[3.047s] copying /home/muzz/ros2_ws/build/examples_rclpy_minimal_client/build/lib/examples_rclpy_minimal_client/client.py -> /home/muzz/ros2_ws/install/examples_rclpy_minimal_client/lib/python3.8/site-packages/examples_rclpy_minimal_client
[3.048s] copying /home/muzz/ros2_ws/build/examples_rclpy_minimal_client/build/lib/examples_rclpy_minimal_client/client_async.py -> /home/muzz/ros2_ws/install/examples_rclpy_minimal_client/lib/python3.8/site-packages/examples_rclpy_minimal_client
[3.048s] copying /home/muzz/ros2_ws/build/examples_rclpy_minimal_client/build/lib/examples_rclpy_minimal_client/__init__.py -> /home/muzz/ros2_ws/install/examples_rclpy_minimal_client/lib/python3.8/site-packages/examples_rclpy_minimal_client
[3.048s] byte-compiling /home/muzz/ros2_ws/install/examples_rclpy_minimal_client/lib/python3.8/site-packages/examples_rclpy_minimal_client/client_async_member_function.py to client_async_member_function.cpython-38.pyc
[3.048s] byte-compiling /home/muzz/ros2_ws/install/examples_rclpy_minimal_client/lib/python3.8/site-packages/examples_rclpy_minimal_client/client_async_callback.py to client_async_callback.cpython-38.pyc
[3.048s] byte-compiling /home/muzz/ros2_ws/install/examples_rclpy_minimal_client/lib/python3.8/site-packages/examples_rclpy_minimal_client/client.py to client.cpython-38.pyc
[3.048s] byte-compiling /home/muzz/ros2_ws/install/examples_rclpy_minimal_client/lib/python3.8/site-packages/examples_rclpy_minimal_client/client_async.py to client_async.cpython-38.pyc
[3.048s] byte-compiling /home/muzz/ros2_ws/install/examples_rclpy_minimal_client/lib/python3.8/site-packages/examples_rclpy_minimal_client/__init__.py to __init__.cpython-38.pyc
[3.048s] running install_data
[3.049s] copying resource/examples_rclpy_minimal_client -> /home/muzz/ros2_ws/install/examples_rclpy_minimal_client/share/ament_index/resource_index/packages
[3.050s] copying package.xml -> /home/muzz/ros2_ws/install/examples_rclpy_minimal_client/share/examples_rclpy_minimal_client
[3.050s] running install_egg_info
[3.053s] Copying ../../../../../build/examples_rclpy_minimal_client/examples_rclpy_minimal_client.egg-info to /home/muzz/ros2_ws/install/examples_rclpy_minimal_client/lib/python3.8/site-packages/examples_rclpy_minimal_client-0.9.4-py3.8.egg-info
[3.054s] running install_scripts
[3.074s] Installing client script to /home/muzz/ros2_ws/install/examples_rclpy_minimal_client/lib/examples_rclpy_minimal_client
[3.074s] Installing client_async script to /home/muzz/ros2_ws/install/examples_rclpy_minimal_client/lib/examples_rclpy_minimal_client
[3.074s] Installing client_async_callback script to /home/muzz/ros2_ws/install/examples_rclpy_minimal_client/lib/examples_rclpy_minimal_client
[3.074s] Installing client_async_member_function script to /home/muzz/ros2_ws/install/examples_rclpy_minimal_client/lib/examples_rclpy_minimal_client
[3.074s] writing list of installed files to '/home/muzz/ros2_ws/build/examples_rclpy_minimal_client/install.log'
[3.133s] Invoked command in '/home/muzz/ros2_ws/src/examples/rclpy/services/minimal_client' returned '0': PYTHONPATH=/home/muzz/ros2_ws/build/examples_rclpy_minimal_client/prefix_override:/home/muzz/ros2_ws/install/examples_rclpy_minimal_client/lib/python3.8/site-packages:${PYTHONPATH} /usr/bin/python3 -W ignore:setup.py install is deprecated setup.py egg_info --egg-base ../../../../../build/examples_rclpy_minimal_client build --build-base /home/muzz/ros2_ws/build/examples_rclpy_minimal_client/build install --record /home/muzz/ros2_ws/build/examples_rclpy_minimal_client/install.log --install-scripts $base/lib/examples_rclpy_minimal_client --single-version-externally-managed install_data --force
