[0.731s] Invoking command in '/home/muzz/ros2_ws/src/teleop_twist_keyboard': PYTHONPATH=/home/muzz/ros2_ws/build/teleop_twist_keyboard/prefix_override:/home/muzz/ros2_ws/install/teleop_twist_keyboard/lib/python3.8/site-packages:${PYTHONPATH} /usr/bin/python3 -W ignore:setup.py install is deprecated setup.py egg_info --egg-base ../../build/teleop_twist_keyboard build --build-base /home/muzz/ros2_ws/build/teleop_twist_keyboard/build install --record /home/muzz/ros2_ws/build/teleop_twist_keyboard/install.log --single-version-externally-managed install_data
[0.896s] running egg_info
[0.896s] creating ../../build/teleop_twist_keyboard/teleop_twist_keyboard.egg-info
[0.896s] writing ../../build/teleop_twist_keyboard/teleop_twist_keyboard.egg-info/PKG-INFO
[0.896s] writing dependency_links to ../../build/teleop_twist_keyboard/teleop_twist_keyboard.egg-info/dependency_links.txt
[0.897s] writing entry points to ../../build/teleop_twist_keyboard/teleop_twist_keyboard.egg-info/entry_points.txt
[0.897s] writing requirements to ../../build/teleop_twist_keyboard/teleop_twist_keyboard.egg-info/requires.txt
[0.897s] writing top-level names to ../../build/teleop_twist_keyboard/teleop_twist_keyboard.egg-info/top_level.txt
[0.898s] writing manifest file '../../build/teleop_twist_keyboard/teleop_twist_keyboard.egg-info/SOURCES.txt'
[0.930s] reading manifest file '../../build/teleop_twist_keyboard/teleop_twist_keyboard.egg-info/SOURCES.txt'
[0.931s] writing manifest file '../../build/teleop_twist_keyboard/teleop_twist_keyboard.egg-info/SOURCES.txt'
[0.931s] running build
[0.931s] running build_py
[0.931s] creating /home/muzz/ros2_ws/build/teleop_twist_keyboard/build
[0.932s] creating /home/muzz/ros2_ws/build/teleop_twist_keyboard/build/lib
[0.932s] copying teleop_twist_keyboard.py -> /home/muzz/ros2_ws/build/teleop_twist_keyboard/build/lib
[0.932s] running install
[0.932s] running install_lib
[0.934s] copying /home/muzz/ros2_ws/build/teleop_twist_keyboard/build/lib/teleop_twist_keyboard.py -> /home/muzz/ros2_ws/install/teleop_twist_keyboard/lib/python3.8/site-packages
[0.934s] byte-compiling /home/muzz/ros2_ws/install/teleop_twist_keyboard/lib/python3.8/site-packages/teleop_twist_keyboard.py to teleop_twist_keyboard.cpython-38.pyc
[0.936s] running install_data
[0.936s] creating /home/muzz/ros2_ws/install/teleop_twist_keyboard/share/ament_index
[0.937s] creating /home/muzz/ros2_ws/install/teleop_twist_keyboard/share/ament_index/resource_index
[0.937s] creating /home/muzz/ros2_ws/install/teleop_twist_keyboard/share/ament_index/resource_index/packages
[0.937s] copying resource/teleop_twist_keyboard -> /home/muzz/ros2_ws/install/teleop_twist_keyboard/share/ament_index/resource_index/packages
[0.937s] copying package.xml -> /home/muzz/ros2_ws/install/teleop_twist_keyboard/share/teleop_twist_keyboard
[0.937s] running install_egg_info
[0.939s] Copying ../../build/teleop_twist_keyboard/teleop_twist_keyboard.egg-info to /home/muzz/ros2_ws/install/teleop_twist_keyboard/lib/python3.8/site-packages/teleop_twist_keyboard-2.4.0-py3.8.egg-info
[0.940s] running install_scripts
[0.959s] Installing teleop_twist_keyboard script to /home/muzz/ros2_ws/install/teleop_twist_keyboard/lib/teleop_twist_keyboard
[0.959s] writing list of installed files to '/home/muzz/ros2_ws/build/teleop_twist_keyboard/install.log'
[1.008s] Invoked command in '/home/muzz/ros2_ws/src/teleop_twist_keyboard' returned '0': PYTHONPATH=/home/muzz/ros2_ws/build/teleop_twist_keyboard/prefix_override:/home/muzz/ros2_ws/install/teleop_twist_keyboard/lib/python3.8/site-packages:${PYTHONPATH} /usr/bin/python3 -W ignore:setup.py install is deprecated setup.py egg_info --egg-base ../../build/teleop_twist_keyboard build --build-base /home/muzz/ros2_ws/build/teleop_twist_keyboard/build install --record /home/muzz/ros2_ws/build/teleop_twist_keyboard/install.log --single-version-externally-managed install_data
