[2.637s] Invoking command in '/home/muzz/ros2_ws/build/examples_rclpy_minimal_publisher': PYTHONPATH=/home/muzz/ros2_ws/build/examples_rclpy_minimal_publisher/prefix_override:/home/muzz/ros2_ws/install/examples_rclpy_minimal_publisher/lib/python3.8/site-packages:${PYTHONPATH} /usr/bin/python3 -W ignore:setup.py install is deprecated setup.py develop --editable --build-directory /home/muzz/ros2_ws/build/examples_rclpy_minimal_publisher/build --no-deps symlink_data
[3.949s] running develop
[3.949s] running egg_info
[3.949s] creating examples_rclpy_minimal_publisher.egg-info
[3.949s] writing examples_rclpy_minimal_publisher.egg-info/PKG-INFO
[3.949s] writing dependency_links to examples_rclpy_minimal_publisher.egg-info/dependency_links.txt
[3.949s] writing entry points to examples_rclpy_minimal_publisher.egg-info/entry_points.txt
[3.949s] writing requirements to examples_rclpy_minimal_publisher.egg-info/requires.txt
[3.949s] writing top-level names to examples_rclpy_minimal_publisher.egg-info/top_level.txt
[3.949s] writing manifest file 'examples_rclpy_minimal_publisher.egg-info/SOURCES.txt'
[3.949s] reading manifest file 'examples_rclpy_minimal_publisher.egg-info/SOURCES.txt'
[3.949s] writing manifest file 'examples_rclpy_minimal_publisher.egg-info/SOURCES.txt'
[3.949s] running build_ext
[3.950s] Creating /home/muzz/ros2_ws/install/examples_rclpy_minimal_publisher/lib/python3.8/site-packages/site.py
[3.950s] Creating /home/muzz/ros2_ws/install/examples_rclpy_minimal_publisher/lib/python3.8/site-packages/examples-rclpy-minimal-publisher.egg-link (link to .)
[3.950s] Installing publisher_local_function script to /home/muzz/ros2_ws/install/examples_rclpy_minimal_publisher/lib/examples_rclpy_minimal_publisher
[3.950s] Installing publisher_member_function script to /home/muzz/ros2_ws/install/examples_rclpy_minimal_publisher/lib/examples_rclpy_minimal_publisher
[3.950s] Installing publisher_old_school script to /home/muzz/ros2_ws/install/examples_rclpy_minimal_publisher/lib/examples_rclpy_minimal_publisher
[3.950s] 
[3.950s] Installed /home/muzz/ros2_ws/build/examples_rclpy_minimal_publisher
[3.950s] running symlink_data
[3.950s] creating /home/muzz/ros2_ws/install/examples_rclpy_minimal_publisher/share/ament_index
[3.950s] creating /home/muzz/ros2_ws/install/examples_rclpy_minimal_publisher/share/ament_index/resource_index
[3.950s] creating /home/muzz/ros2_ws/install/examples_rclpy_minimal_publisher/share/ament_index/resource_index/packages
[3.950s] symbolically linking /home/muzz/ros2_ws/build/examples_rclpy_minimal_publisher/resource/examples_rclpy_minimal_publisher -> /home/muzz/ros2_ws/install/examples_rclpy_minimal_publisher/share/ament_index/resource_index/packages
[3.950s] symbolically linking /home/muzz/ros2_ws/build/examples_rclpy_minimal_publisher/package.xml -> /home/muzz/ros2_ws/install/examples_rclpy_minimal_publisher/share/examples_rclpy_minimal_publisher
[4.041s] Invoked command in '/home/muzz/ros2_ws/build/examples_rclpy_minimal_publisher' returned '0': PYTHONPATH=/home/muzz/ros2_ws/build/examples_rclpy_minimal_publisher/prefix_override:/home/muzz/ros2_ws/install/examples_rclpy_minimal_publisher/lib/python3.8/site-packages:${PYTHONPATH} /usr/bin/python3 -W ignore:setup.py install is deprecated setup.py develop --editable --build-directory /home/muzz/ros2_ws/build/examples_rclpy_minimal_publisher/build --no-deps symlink_data
