[0.202s] Invoking command in '/home/muzz/ros2_ws/build/examples_rclcpp_minimal_composition': CMAKE_PREFIX_PATH=${CMAKE_PREFIX_PATH}:/home/muzz/ros2_ws/install/muzz_package:/home/muzz/ros2_ws/install/teleop_twist_keyboard:/home/muzz/ros2_ws/install/examples_rclpy_minimal_subscriber:/home/muzz/ros2_ws/install/examples_rclpy_minimal_service:/home/muzz/ros2_ws/install/examples_rclpy_minimal_publisher:/home/muzz/ros2_ws/install/examples_rclpy_minimal_client:/home/muzz/ros2_ws/install/examples_rclpy_minimal_action_server:/home/muzz/ros2_ws/install/examples_rclpy_minimal_action_client:/home/muzz/ros2_ws/install/examples_rclpy_executors:/opt/ros/foxy /usr/bin/cmake --build /home/muzz/ros2_ws/build/examples_rclcpp_minimal_composition -- -j16 -l16
[1.630s] [ 33%] Built target composition_nodes
[1.631s] [ 55%] Built target composition_composed
[1.631s] [ 77%] Built target composition_subscriber
[1.632s] [100%] Built target composition_publisher
[1.641s] Invoked command in '/home/muzz/ros2_ws/build/examples_rclcpp_minimal_composition' returned '0': CMAKE_PREFIX_PATH=${CMAKE_PREFIX_PATH}:/home/muzz/ros2_ws/install/muzz_package:/home/muzz/ros2_ws/install/teleop_twist_keyboard:/home/muzz/ros2_ws/install/examples_rclpy_minimal_subscriber:/home/muzz/ros2_ws/install/examples_rclpy_minimal_service:/home/muzz/ros2_ws/install/examples_rclpy_minimal_publisher:/home/muzz/ros2_ws/install/examples_rclpy_minimal_client:/home/muzz/ros2_ws/install/examples_rclpy_minimal_action_server:/home/muzz/ros2_ws/install/examples_rclpy_minimal_action_client:/home/muzz/ros2_ws/install/examples_rclpy_executors:/opt/ros/foxy /usr/bin/cmake --build /home/muzz/ros2_ws/build/examples_rclcpp_minimal_composition -- -j16 -l16
[1.763s] Invoking command in '/home/muzz/ros2_ws/build/examples_rclcpp_minimal_composition': CMAKE_PREFIX_PATH=${CMAKE_PREFIX_PATH}:/home/muzz/ros2_ws/install/muzz_package:/home/muzz/ros2_ws/install/teleop_twist_keyboard:/home/muzz/ros2_ws/install/examples_rclpy_minimal_subscriber:/home/muzz/ros2_ws/install/examples_rclpy_minimal_service:/home/muzz/ros2_ws/install/examples_rclpy_minimal_publisher:/home/muzz/ros2_ws/install/examples_rclpy_minimal_client:/home/muzz/ros2_ws/install/examples_rclpy_minimal_action_server:/home/muzz/ros2_ws/install/examples_rclpy_minimal_action_client:/home/muzz/ros2_ws/install/examples_rclpy_executors:/opt/ros/foxy /usr/bin/cmake --install /home/muzz/ros2_ws/build/examples_rclcpp_minimal_composition
[1.814s] -- Install configuration: ""
[1.814s] -- Execute custom install script
[1.815s] -- Up-to-date symlink: /home/muzz/ros2_ws/install/examples_rclcpp_minimal_composition/share/examples_rclcpp_minimal_composition/environment/library_path.sh
[1.815s] -- Up-to-date symlink: /home/muzz/ros2_ws/install/examples_rclcpp_minimal_composition/share/examples_rclcpp_minimal_composition/environment/library_path.dsv
[1.816s] -- Up-to-date symlink: /home/muzz/ros2_ws/install/examples_rclcpp_minimal_composition/lib/libcomposition_nodes.so
[1.816s] -- Up-to-date symlink: /home/muzz/ros2_ws/install/examples_rclcpp_minimal_composition/lib/examples_rclcpp_minimal_composition/composition_publisher
[1.816s] -- Up-to-date symlink: /home/muzz/ros2_ws/install/examples_rclcpp_minimal_composition/lib/examples_rclcpp_minimal_composition/composition_subscriber
[1.816s] -- Up-to-date symlink: /home/muzz/ros2_ws/install/examples_rclcpp_minimal_composition/lib/examples_rclcpp_minimal_composition/composition_composed
[1.819s] -- Up-to-date symlink: /home/muzz/ros2_ws/install/examples_rclcpp_minimal_composition/share/ament_index/resource_index/package_run_dependencies/examples_rclcpp_minimal_composition
[1.820s] -- Up-to-date symlink: /home/muzz/ros2_ws/install/examples_rclcpp_minimal_composition/share/ament_index/resource_index/parent_prefix_path/examples_rclcpp_minimal_composition
[1.820s] -- Up-to-date symlink: /home/muzz/ros2_ws/install/examples_rclcpp_minimal_composition/share/examples_rclcpp_minimal_composition/environment/ament_prefix_path.sh
[1.820s] -- Up-to-date symlink: /home/muzz/ros2_ws/install/examples_rclcpp_minimal_composition/share/examples_rclcpp_minimal_composition/environment/ament_prefix_path.dsv
[1.821s] -- Up-to-date symlink: /home/muzz/ros2_ws/install/examples_rclcpp_minimal_composition/share/examples_rclcpp_minimal_composition/environment/path.sh
[1.822s] -- Up-to-date symlink: /home/muzz/ros2_ws/install/examples_rclcpp_minimal_composition/share/examples_rclcpp_minimal_composition/environment/path.dsv
[1.822s] -- Up-to-date symlink: /home/muzz/ros2_ws/install/examples_rclcpp_minimal_composition/share/examples_rclcpp_minimal_composition/local_setup.bash
[1.822s] -- Up-to-date symlink: /home/muzz/ros2_ws/install/examples_rclcpp_minimal_composition/share/examples_rclcpp_minimal_composition/local_setup.sh
[1.822s] -- Up-to-date symlink: /home/muzz/ros2_ws/install/examples_rclcpp_minimal_composition/share/examples_rclcpp_minimal_composition/local_setup.zsh
[1.822s] -- Up-to-date symlink: /home/muzz/ros2_ws/install/examples_rclcpp_minimal_composition/share/examples_rclcpp_minimal_composition/local_setup.dsv
[1.822s] -- Symlinking: /home/muzz/ros2_ws/install/examples_rclcpp_minimal_composition/share/examples_rclcpp_minimal_composition/package.dsv
[1.823s] -- Up-to-date symlink: /home/muzz/ros2_ws/install/examples_rclcpp_minimal_composition/share/ament_index/resource_index/packages/examples_rclcpp_minimal_composition
[1.823s] -- Up-to-date symlink: /home/muzz/ros2_ws/install/examples_rclcpp_minimal_composition/share/examples_rclcpp_minimal_composition/cmake/examples_rclcpp_minimal_compositionConfig.cmake
[1.823s] -- Up-to-date symlink: /home/muzz/ros2_ws/install/examples_rclcpp_minimal_composition/share/examples_rclcpp_minimal_composition/cmake/examples_rclcpp_minimal_compositionConfig-version.cmake
[1.823s] -- Up-to-date symlink: /home/muzz/ros2_ws/install/examples_rclcpp_minimal_composition/share/examples_rclcpp_minimal_composition/package.xml
[1.863s] Invoked command in '/home/muzz/ros2_ws/build/examples_rclcpp_minimal_composition' returned '0': CMAKE_PREFIX_PATH=${CMAKE_PREFIX_PATH}:/home/muzz/ros2_ws/install/muzz_package:/home/muzz/ros2_ws/install/teleop_twist_keyboard:/home/muzz/ros2_ws/install/examples_rclpy_minimal_subscriber:/home/muzz/ros2_ws/install/examples_rclpy_minimal_service:/home/muzz/ros2_ws/install/examples_rclpy_minimal_publisher:/home/muzz/ros2_ws/install/examples_rclpy_minimal_client:/home/muzz/ros2_ws/install/examples_rclpy_minimal_action_server:/home/muzz/ros2_ws/install/examples_rclpy_minimal_action_client:/home/muzz/ros2_ws/install/examples_rclpy_executors:/opt/ros/foxy /usr/bin/cmake --install /home/muzz/ros2_ws/build/examples_rclcpp_minimal_composition
