[0.163s] Invoking command in '/home/muzz/ros2_ws/build/examples_rclcpp_minimal_client': CMAKE_PREFIX_PATH=/opt/ros/foxy /usr/bin/cmake /home/muzz/ros2_ws/src/examples/rclcpp/services/minimal_client -DAMENT_CMAKE_SYMLINK_INSTALL=1 -DCMAKE_INSTALL_PREFIX=/home/muzz/ros2_ws/install/examples_rclcpp_minimal_client
[1.973s] -- The C compiler identification is GNU 9.4.0
[1.973s] -- The CXX compiler identification is GNU 9.4.0
[1.973s] -- Check for working C compiler: /usr/bin/cc
[1.973s] -- Check for working C compiler: /usr/bin/cc -- works
[1.973s] -- Detecting C compiler ABI info
[1.973s] -- Detecting C compiler ABI info - done
[1.973s] -- Detecting C compile features
[1.973s] -- Detecting C compile features - done
[1.973s] -- Check for working CXX compiler: /usr/bin/c++
[1.973s] -- Check for working CXX compiler: /usr/bin/c++ -- works
[1.974s] -- Detecting CXX compiler ABI info
[1.974s] -- Detecting CXX compiler ABI info - done
[1.974s] -- Detecting CXX compile features
[1.974s] -- Detecting CXX compile features - done
[1.974s] -- Found ament_cmake: 0.9.12 (/opt/ros/foxy/share/ament_cmake/cmake)
[1.977s] -- Found PythonInterp: /usr/bin/python3 (found suitable version "3.8.10", minimum required is "3") 
[1.977s] -- Using PYTHON_EXECUTABLE: /usr/bin/python3
[1.977s] -- Override CMake install command with custom implementation using symlinks instead of copying resources
[1.977s] -- Found example_interfaces: 0.9.1 (/opt/ros/foxy/share/example_interfaces/cmake)
[1.977s] -- Using all available rosidl_typesupport_c: rosidl_typesupport_fastrtps_c;rosidl_typesupport_introspection_c
[1.978s] -- Found rosidl_adapter: 1.3.1 (/opt/ros/foxy/share/rosidl_adapter/cmake)
[1.978s] -- Found OpenSSL: /usr/lib/x86_64-linux-gnu/libcrypto.so (found version "1.1.1f")  
[1.978s] -- Found FastRTPS: /opt/ros/foxy/include  
[1.978s] -- Using all available rosidl_typesupport_cpp: rosidl_typesupport_fastrtps_cpp;rosidl_typesupport_introspection_cpp
[1.978s] -- Found rclcpp: 2.4.3 (/opt/ros/foxy/share/rclcpp/cmake)
[1.978s] -- Found rmw_implementation_cmake: 1.0.4 (/opt/ros/foxy/share/rmw_implementation_cmake/cmake)
[1.978s] -- Using RMW implementation 'rmw_fastrtps_cpp' as default
[1.978s] -- Looking for pthread.h
[1.978s] -- Looking for pthread.h - found
[1.978s] -- Performing Test CMAKE_HAVE_LIBC_PTHREAD
[1.978s] -- Performing Test CMAKE_HAVE_LIBC_PTHREAD - Failed
[1.979s] -- Looking for pthread_create in pthreads
[2.021s] -- Looking for pthread_create in pthreads - not found
[2.021s] -- Looking for pthread_create in pthread
[2.107s] -- Looking for pthread_create in pthread - found
[2.108s] -- Found Threads: TRUE  
[2.338s] -- Found ament_lint_auto: 0.9.8 (/opt/ros/foxy/share/ament_lint_auto/cmake)
[2.481s] -- Added test 'copyright' to check source files copyright and LICENSE
[2.482s] -- Added test 'cppcheck' to perform static code analysis on C / C++ code
[2.482s] -- Configured cppcheck include dirs: 
[2.482s] -- Configured cppcheck exclude dirs and/or files: 
[2.483s] -- Added test 'cpplint' to check C / C++ code against the Google style
[2.483s] -- Configured cpplint exclude dirs and/or files: 
[2.484s] -- Added test 'lint_cmake' to check CMake code style
[2.484s] -- Added test 'uncrustify' to check C / C++ code style
[2.484s] -- Configured uncrustify additional arguments: 
[2.485s] -- Added test 'xmllint' to check XML markup files
[2.489s] -- Configuring done
[2.508s] -- Generating done
[2.508s] -- Build files have been written to: /home/muzz/ros2_ws/build/examples_rclcpp_minimal_client
[2.533s] Invoked command in '/home/muzz/ros2_ws/build/examples_rclcpp_minimal_client' returned '0': CMAKE_PREFIX_PATH=/opt/ros/foxy /usr/bin/cmake /home/muzz/ros2_ws/src/examples/rclcpp/services/minimal_client -DAMENT_CMAKE_SYMLINK_INSTALL=1 -DCMAKE_INSTALL_PREFIX=/home/muzz/ros2_ws/install/examples_rclcpp_minimal_client
[2.534s] Invoking command in '/home/muzz/ros2_ws/build/examples_rclcpp_minimal_client': CMAKE_PREFIX_PATH=/opt/ros/foxy /usr/bin/cmake --build /home/muzz/ros2_ws/build/examples_rclcpp_minimal_client -- -j16 -l16
[2.671s] [35m[1mScanning dependencies of target client_main[0m
[2.729s] [ 50%] [32mBuilding CXX object CMakeFiles/client_main.dir/main.cpp.o[0m
[7.560s] [100%] [32m[1mLinking CXX executable client_main[0m
[8.033s] [100%] Built target client_main
[8.055s] Invoked command in '/home/muzz/ros2_ws/build/examples_rclcpp_minimal_client' returned '0': CMAKE_PREFIX_PATH=/opt/ros/foxy /usr/bin/cmake --build /home/muzz/ros2_ws/build/examples_rclcpp_minimal_client -- -j16 -l16
[8.302s] Invoking command in '/home/muzz/ros2_ws/build/examples_rclcpp_minimal_client': CMAKE_PREFIX_PATH=/opt/ros/foxy /usr/bin/cmake --install /home/muzz/ros2_ws/build/examples_rclcpp_minimal_client
[8.326s] -- Install configuration: ""
[8.326s] -- Execute custom install script
[8.326s] -- Symlinking: /home/muzz/ros2_ws/install/examples_rclcpp_minimal_client/lib/examples_rclcpp_minimal_client/client_main
[8.339s] -- Symlinking: /home/muzz/ros2_ws/install/examples_rclcpp_minimal_client/share/ament_index/resource_index/package_run_dependencies/examples_rclcpp_minimal_client
[8.355s] -- Symlinking: /home/muzz/ros2_ws/install/examples_rclcpp_minimal_client/share/ament_index/resource_index/parent_prefix_path/examples_rclcpp_minimal_client
[8.371s] -- Symlinking: /home/muzz/ros2_ws/install/examples_rclcpp_minimal_client/share/examples_rclcpp_minimal_client/environment/ament_prefix_path.sh
[8.390s] -- Symlinking: /home/muzz/ros2_ws/install/examples_rclcpp_minimal_client/share/examples_rclcpp_minimal_client/environment/ament_prefix_path.dsv
[8.405s] -- Symlinking: /home/muzz/ros2_ws/install/examples_rclcpp_minimal_client/share/examples_rclcpp_minimal_client/environment/path.sh
[8.424s] -- Symlinking: /home/muzz/ros2_ws/install/examples_rclcpp_minimal_client/share/examples_rclcpp_minimal_client/environment/path.dsv
[8.441s] -- Symlinking: /home/muzz/ros2_ws/install/examples_rclcpp_minimal_client/share/examples_rclcpp_minimal_client/local_setup.bash
[8.457s] -- Symlinking: /home/muzz/ros2_ws/install/examples_rclcpp_minimal_client/share/examples_rclcpp_minimal_client/local_setup.sh
[8.474s] -- Symlinking: /home/muzz/ros2_ws/install/examples_rclcpp_minimal_client/share/examples_rclcpp_minimal_client/local_setup.zsh
[8.491s] -- Symlinking: /home/muzz/ros2_ws/install/examples_rclcpp_minimal_client/share/examples_rclcpp_minimal_client/local_setup.dsv
[8.509s] -- Symlinking: /home/muzz/ros2_ws/install/examples_rclcpp_minimal_client/share/examples_rclcpp_minimal_client/package.dsv
[8.521s] -- Symlinking: /home/muzz/ros2_ws/install/examples_rclcpp_minimal_client/share/ament_index/resource_index/packages/examples_rclcpp_minimal_client
[8.541s] -- Symlinking: /home/muzz/ros2_ws/install/examples_rclcpp_minimal_client/share/examples_rclcpp_minimal_client/cmake/examples_rclcpp_minimal_clientConfig.cmake
[8.554s] -- Symlinking: /home/muzz/ros2_ws/install/examples_rclcpp_minimal_client/share/examples_rclcpp_minimal_client/cmake/examples_rclcpp_minimal_clientConfig-version.cmake
[8.571s] -- Symlinking: /home/muzz/ros2_ws/install/examples_rclcpp_minimal_client/share/examples_rclcpp_minimal_client/package.xml
[8.595s] Invoked command in '/home/muzz/ros2_ws/build/examples_rclcpp_minimal_client' returned '0': CMAKE_PREFIX_PATH=/opt/ros/foxy /usr/bin/cmake --install /home/muzz/ros2_ws/build/examples_rclcpp_minimal_client
