[2.372s] Invoking command in '/home/muzz/ros2_ws/build/examples_rclpy_executors': PYTHONPATH=/home/muzz/ros2_ws/build/examples_rclpy_executors/prefix_override:/home/muzz/ros2_ws/install/examples_rclpy_executors/lib/python3.8/site-packages:${PYTHONPATH} /usr/bin/python3 -W ignore:setup.py install is deprecated setup.py develop --uninstall --editable --build-directory /home/muzz/ros2_ws/build/examples_rclpy_executors/build
[2.591s] running develop
[2.735s] Removing /home/muzz/ros2_ws/install/examples_rclpy_executors/lib/python3.8/site-packages/examples-rclpy-executors.egg-link (link to .)
[2.785s] Invoked command in '/home/muzz/ros2_ws/build/examples_rclpy_executors' returned '0': PYTHONPATH=/home/muzz/ros2_ws/build/examples_rclpy_executors/prefix_override:/home/muzz/ros2_ws/install/examples_rclpy_executors/lib/python3.8/site-packages:${PYTHONPATH} /usr/bin/python3 -W ignore:setup.py install is deprecated setup.py develop --uninstall --editable --build-directory /home/muzz/ros2_ws/build/examples_rclpy_executors/build
[2.789s] Invoking command in '/home/muzz/ros2_ws/src/examples/rclpy/executors': PYTHONPATH=/home/muzz/ros2_ws/build/examples_rclpy_executors/prefix_override:/home/muzz/ros2_ws/install/examples_rclpy_executors/lib/python3.8/site-packages:${PYTHONPATH} /usr/bin/python3 -W ignore:setup.py install is deprecated setup.py egg_info --egg-base ../../../../build/examples_rclpy_executors build --build-base /home/muzz/ros2_ws/build/examples_rclpy_executors/build install --record /home/muzz/ros2_ws/build/examples_rclpy_executors/install.log --install-scripts $base/lib/examples_rclpy_executors --single-version-externally-managed install_data --force
[2.976s] running egg_info
[2.977s] writing ../../../../build/examples_rclpy_executors/examples_rclpy_executors.egg-info/PKG-INFO
[2.977s] writing dependency_links to ../../../../build/examples_rclpy_executors/examples_rclpy_executors.egg-info/dependency_links.txt
[2.978s] writing entry points to ../../../../build/examples_rclpy_executors/examples_rclpy_executors.egg-info/entry_points.txt
[2.978s] writing requirements to ../../../../build/examples_rclpy_executors/examples_rclpy_executors.egg-info/requires.txt
[2.978s] writing top-level names to ../../../../build/examples_rclpy_executors/examples_rclpy_executors.egg-info/top_level.txt
[3.011s] reading manifest file '../../../../build/examples_rclpy_executors/examples_rclpy_executors.egg-info/SOURCES.txt'
[3.012s] writing manifest file '../../../../build/examples_rclpy_executors/examples_rclpy_executors.egg-info/SOURCES.txt'
[3.012s] running build
[3.013s] running build_py
[3.013s] creating /home/muzz/ros2_ws/build/examples_rclpy_executors/build
[3.013s] creating /home/muzz/ros2_ws/build/examples_rclpy_executors/build/lib
[3.013s] creating /home/muzz/ros2_ws/build/examples_rclpy_executors/build/lib/examples_rclpy_executors
[3.013s] copying examples_rclpy_executors/custom_callback_group.py -> /home/muzz/ros2_ws/build/examples_rclpy_executors/build/lib/examples_rclpy_executors
[3.014s] copying examples_rclpy_executors/custom_executor.py -> /home/muzz/ros2_ws/build/examples_rclpy_executors/build/lib/examples_rclpy_executors
[3.014s] copying examples_rclpy_executors/callback_group.py -> /home/muzz/ros2_ws/build/examples_rclpy_executors/build/lib/examples_rclpy_executors
[3.014s] copying examples_rclpy_executors/listener.py -> /home/muzz/ros2_ws/build/examples_rclpy_executors/build/lib/examples_rclpy_executors
[3.014s] copying examples_rclpy_executors/talker.py -> /home/muzz/ros2_ws/build/examples_rclpy_executors/build/lib/examples_rclpy_executors
[3.015s] copying examples_rclpy_executors/__init__.py -> /home/muzz/ros2_ws/build/examples_rclpy_executors/build/lib/examples_rclpy_executors
[3.015s] copying examples_rclpy_executors/composed.py -> /home/muzz/ros2_ws/build/examples_rclpy_executors/build/lib/examples_rclpy_executors
[3.016s] running install
[3.016s] running install_lib
[3.017s] creating /home/muzz/ros2_ws/install/examples_rclpy_executors/lib/python3.8/site-packages/examples_rclpy_executors
[3.017s] copying /home/muzz/ros2_ws/build/examples_rclpy_executors/build/lib/examples_rclpy_executors/custom_callback_group.py -> /home/muzz/ros2_ws/install/examples_rclpy_executors/lib/python3.8/site-packages/examples_rclpy_executors
[3.018s] copying /home/muzz/ros2_ws/build/examples_rclpy_executors/build/lib/examples_rclpy_executors/custom_executor.py -> /home/muzz/ros2_ws/install/examples_rclpy_executors/lib/python3.8/site-packages/examples_rclpy_executors
[3.018s] copying /home/muzz/ros2_ws/build/examples_rclpy_executors/build/lib/examples_rclpy_executors/callback_group.py -> /home/muzz/ros2_ws/install/examples_rclpy_executors/lib/python3.8/site-packages/examples_rclpy_executors
[3.018s] copying /home/muzz/ros2_ws/build/examples_rclpy_executors/build/lib/examples_rclpy_executors/listener.py -> /home/muzz/ros2_ws/install/examples_rclpy_executors/lib/python3.8/site-packages/examples_rclpy_executors
[3.018s] copying /home/muzz/ros2_ws/build/examples_rclpy_executors/build/lib/examples_rclpy_executors/talker.py -> /home/muzz/ros2_ws/install/examples_rclpy_executors/lib/python3.8/site-packages/examples_rclpy_executors
[3.018s] copying /home/muzz/ros2_ws/build/examples_rclpy_executors/build/lib/examples_rclpy_executors/__init__.py -> /home/muzz/ros2_ws/install/examples_rclpy_executors/lib/python3.8/site-packages/examples_rclpy_executors
[3.018s] copying /home/muzz/ros2_ws/build/examples_rclpy_executors/build/lib/examples_rclpy_executors/composed.py -> /home/muzz/ros2_ws/install/examples_rclpy_executors/lib/python3.8/site-packages/examples_rclpy_executors
[3.019s] byte-compiling /home/muzz/ros2_ws/install/examples_rclpy_executors/lib/python3.8/site-packages/examples_rclpy_executors/custom_callback_group.py to custom_callback_group.cpython-38.pyc
[3.019s] byte-compiling /home/muzz/ros2_ws/install/examples_rclpy_executors/lib/python3.8/site-packages/examples_rclpy_executors/custom_executor.py to custom_executor.cpython-38.pyc
[3.019s] byte-compiling /home/muzz/ros2_ws/install/examples_rclpy_executors/lib/python3.8/site-packages/examples_rclpy_executors/callback_group.py to callback_group.cpython-38.pyc
[3.020s] byte-compiling /home/muzz/ros2_ws/install/examples_rclpy_executors/lib/python3.8/site-packages/examples_rclpy_executors/listener.py to listener.cpython-38.pyc
[3.020s] byte-compiling /home/muzz/ros2_ws/install/examples_rclpy_executors/lib/python3.8/site-packages/examples_rclpy_executors/talker.py to talker.cpython-38.pyc
[3.020s] byte-compiling /home/muzz/ros2_ws/install/examples_rclpy_executors/lib/python3.8/site-packages/examples_rclpy_executors/__init__.py to __init__.cpython-38.pyc
[3.020s] byte-compiling /home/muzz/ros2_ws/install/examples_rclpy_executors/lib/python3.8/site-packages/examples_rclpy_executors/composed.py to composed.cpython-38.pyc
[3.020s] running install_data
[3.020s] copying resource/examples_rclpy_executors -> /home/muzz/ros2_ws/install/examples_rclpy_executors/share/ament_index/resource_index/packages
[3.020s] copying package.xml -> /home/muzz/ros2_ws/install/examples_rclpy_executors/share/examples_rclpy_executors
[3.020s] running install_egg_info
[3.022s] Copying ../../../../build/examples_rclpy_executors/examples_rclpy_executors.egg-info to /home/muzz/ros2_ws/install/examples_rclpy_executors/lib/python3.8/site-packages/examples_rclpy_executors-0.9.4-py3.8.egg-info
[3.023s] running install_scripts
[3.042s] Installing callback_group script to /home/muzz/ros2_ws/install/examples_rclpy_executors/lib/examples_rclpy_executors
[3.044s] Installing composed script to /home/muzz/ros2_ws/install/examples_rclpy_executors/lib/examples_rclpy_executors
[3.044s] Installing custom_callback_group script to /home/muzz/ros2_ws/install/examples_rclpy_executors/lib/examples_rclpy_executors
[3.045s] Installing custom_executor script to /home/muzz/ros2_ws/install/examples_rclpy_executors/lib/examples_rclpy_executors
[3.045s] Installing listener script to /home/muzz/ros2_ws/install/examples_rclpy_executors/lib/examples_rclpy_executors
[3.045s] Installing talker script to /home/muzz/ros2_ws/install/examples_rclpy_executors/lib/examples_rclpy_executors
[3.045s] writing list of installed files to '/home/muzz/ros2_ws/build/examples_rclpy_executors/install.log'
[3.088s] Invoked command in '/home/muzz/ros2_ws/src/examples/rclpy/executors' returned '0': PYTHONPATH=/home/muzz/ros2_ws/build/examples_rclpy_executors/prefix_override:/home/muzz/ros2_ws/install/examples_rclpy_executors/lib/python3.8/site-packages:${PYTHONPATH} /usr/bin/python3 -W ignore:setup.py install is deprecated setup.py egg_info --egg-base ../../../../build/examples_rclpy_executors build --build-base /home/muzz/ros2_ws/build/examples_rclpy_executors/build install --record /home/muzz/ros2_ws/build/examples_rclpy_executors/install.log --install-scripts $base/lib/examples_rclpy_executors --single-version-externally-managed install_data --force
