[2.633s] Invoking command in '/home/muzz/ros2_ws/build/examples_rclpy_minimal_client': PYTHONPATH=/home/muzz/ros2_ws/build/examples_rclpy_minimal_client/prefix_override:/home/muzz/ros2_ws/install/examples_rclpy_minimal_client/lib/python3.8/site-packages:${PYTHONPATH} /usr/bin/python3 -W ignore:setup.py install is deprecated setup.py develop --editable --build-directory /home/muzz/ros2_ws/build/examples_rclpy_minimal_client/build --no-deps symlink_data
[3.925s] running develop
[3.925s] running egg_info
[3.925s] creating examples_rclpy_minimal_client.egg-info
[3.925s] writing examples_rclpy_minimal_client.egg-info/PKG-INFO
[3.925s] writing dependency_links to examples_rclpy_minimal_client.egg-info/dependency_links.txt
[3.925s] writing entry points to examples_rclpy_minimal_client.egg-info/entry_points.txt
[3.925s] writing requirements to examples_rclpy_minimal_client.egg-info/requires.txt
[3.925s] writing top-level names to examples_rclpy_minimal_client.egg-info/top_level.txt
[3.926s] writing manifest file 'examples_rclpy_minimal_client.egg-info/SOURCES.txt'
[3.926s] reading manifest file 'examples_rclpy_minimal_client.egg-info/SOURCES.txt'
[3.926s] writing manifest file 'examples_rclpy_minimal_client.egg-info/SOURCES.txt'
[3.926s] running build_ext
[3.926s] Creating /home/muzz/ros2_ws/install/examples_rclpy_minimal_client/lib/python3.8/site-packages/site.py
[3.926s] Creating /home/muzz/ros2_ws/install/examples_rclpy_minimal_client/lib/python3.8/site-packages/examples-rclpy-minimal-client.egg-link (link to .)
[3.926s] Installing client script to /home/muzz/ros2_ws/install/examples_rclpy_minimal_client/lib/examples_rclpy_minimal_client
[3.926s] Installing client_async script to /home/muzz/ros2_ws/install/examples_rclpy_minimal_client/lib/examples_rclpy_minimal_client
[3.926s] Installing client_async_callback script to /home/muzz/ros2_ws/install/examples_rclpy_minimal_client/lib/examples_rclpy_minimal_client
[3.926s] Installing client_async_member_function script to /home/muzz/ros2_ws/install/examples_rclpy_minimal_client/lib/examples_rclpy_minimal_client
[3.926s] 
[3.926s] Installed /home/muzz/ros2_ws/build/examples_rclpy_minimal_client
[3.926s] running symlink_data
[3.926s] creating /home/muzz/ros2_ws/install/examples_rclpy_minimal_client/share/ament_index
[3.926s] creating /home/muzz/ros2_ws/install/examples_rclpy_minimal_client/share/ament_index/resource_index
[3.927s] creating /home/muzz/ros2_ws/install/examples_rclpy_minimal_client/share/ament_index/resource_index/packages
[3.927s] symbolically linking /home/muzz/ros2_ws/build/examples_rclpy_minimal_client/resource/examples_rclpy_minimal_client -> /home/muzz/ros2_ws/install/examples_rclpy_minimal_client/share/ament_index/resource_index/packages
[3.927s] symbolically linking /home/muzz/ros2_ws/build/examples_rclpy_minimal_client/package.xml -> /home/muzz/ros2_ws/install/examples_rclpy_minimal_client/share/examples_rclpy_minimal_client
[4.007s] Invoked command in '/home/muzz/ros2_ws/build/examples_rclpy_minimal_client' returned '0': PYTHONPATH=/home/muzz/ros2_ws/build/examples_rclpy_minimal_client/prefix_override:/home/muzz/ros2_ws/install/examples_rclpy_minimal_client/lib/python3.8/site-packages:${PYTHONPATH} /usr/bin/python3 -W ignore:setup.py install is deprecated setup.py develop --editable --build-directory /home/muzz/ros2_ws/build/examples_rclpy_minimal_client/build --no-deps symlink_data
