[0.157s] Invoking command in '/home/muzz/ros2_ws/build/examples_rclcpp_minimal_service': CMAKE_PREFIX_PATH=/opt/ros/foxy /usr/bin/cmake /home/muzz/ros2_ws/src/examples/rclcpp/services/minimal_service -DAMENT_CMAKE_SYMLINK_INSTALL=1 -DCMAKE_INSTALL_PREFIX=/home/muzz/ros2_ws/install/examples_rclcpp_minimal_service
[1.975s] -- The C compiler identification is GNU 9.4.0
[1.975s] -- The CXX compiler identification is GNU 9.4.0
[1.976s] -- Check for working C compiler: /usr/bin/cc
[1.977s] -- Check for working C compiler: /usr/bin/cc -- works
[1.977s] -- Detecting C compiler ABI info
[1.979s] -- Detecting C compiler ABI info - done
[1.980s] -- Detecting C compile features
[1.980s] -- Detecting C compile features - done
[1.980s] -- Check for working CXX compiler: /usr/bin/c++
[1.980s] -- Check for working CXX compiler: /usr/bin/c++ -- works
[1.981s] -- Detecting CXX compiler ABI info
[1.981s] -- Detecting CXX compiler ABI info - done
[1.981s] -- Detecting CXX compile features
[1.981s] -- Detecting CXX compile features - done
[1.981s] -- Found ament_cmake: 0.9.12 (/opt/ros/foxy/share/ament_cmake/cmake)
[1.981s] -- Found PythonInterp: /usr/bin/python3 (found suitable version "3.8.10", minimum required is "3") 
[1.981s] -- Using PYTHON_EXECUTABLE: /usr/bin/python3
[1.981s] -- Override CMake install command with custom implementation using symlinks instead of copying resources
[1.981s] -- Found example_interfaces: 0.9.1 (/opt/ros/foxy/share/example_interfaces/cmake)
[1.981s] -- Using all available rosidl_typesupport_c: rosidl_typesupport_fastrtps_c;rosidl_typesupport_introspection_c
[1.981s] -- Found rosidl_adapter: 1.3.1 (/opt/ros/foxy/share/rosidl_adapter/cmake)
[1.981s] -- Found OpenSSL: /usr/lib/x86_64-linux-gnu/libcrypto.so (found version "1.1.1f")  
[1.981s] -- Found FastRTPS: /opt/ros/foxy/include  
[1.981s] -- Using all available rosidl_typesupport_cpp: rosidl_typesupport_fastrtps_cpp;rosidl_typesupport_introspection_cpp
[1.981s] -- Found rclcpp: 2.4.3 (/opt/ros/foxy/share/rclcpp/cmake)
[1.982s] -- Found rmw_implementation_cmake: 1.0.4 (/opt/ros/foxy/share/rmw_implementation_cmake/cmake)
[1.982s] -- Using RMW implementation 'rmw_fastrtps_cpp' as default
[1.982s] -- Looking for pthread.h
[1.982s] -- Looking for pthread.h - found
[1.982s] -- Performing Test CMAKE_HAVE_LIBC_PTHREAD
[1.982s] -- Performing Test CMAKE_HAVE_LIBC_PTHREAD - Failed
[1.982s] -- Looking for pthread_create in pthreads
[1.996s] -- Looking for pthread_create in pthreads - not found
[1.996s] -- Looking for pthread_create in pthread
[2.061s] -- Looking for pthread_create in pthread - found
[2.063s] -- Found Threads: TRUE  
[2.278s] -- Found ament_lint_auto: 0.9.8 (/opt/ros/foxy/share/ament_lint_auto/cmake)
[2.425s] -- Added test 'copyright' to check source files copyright and LICENSE
[2.428s] -- Added test 'cppcheck' to perform static code analysis on C / C++ code
[2.432s] -- Configured cppcheck include dirs: 
[2.432s] -- Configured cppcheck exclude dirs and/or files: 
[2.433s] -- Added test 'cpplint' to check C / C++ code against the Google style
[2.433s] -- Configured cpplint exclude dirs and/or files: 
[2.433s] -- Added test 'lint_cmake' to check CMake code style
[2.433s] -- Added test 'uncrustify' to check C / C++ code style
[2.433s] -- Configured uncrustify additional arguments: 
[2.434s] -- Added test 'xmllint' to check XML markup files
[2.437s] -- Configuring done
[2.450s] -- Generating done
[2.453s] -- Build files have been written to: /home/muzz/ros2_ws/build/examples_rclcpp_minimal_service
[2.481s] Invoked command in '/home/muzz/ros2_ws/build/examples_rclcpp_minimal_service' returned '0': CMAKE_PREFIX_PATH=/opt/ros/foxy /usr/bin/cmake /home/muzz/ros2_ws/src/examples/rclcpp/services/minimal_service -DAMENT_CMAKE_SYMLINK_INSTALL=1 -DCMAKE_INSTALL_PREFIX=/home/muzz/ros2_ws/install/examples_rclcpp_minimal_service
[2.483s] Invoking command in '/home/muzz/ros2_ws/build/examples_rclcpp_minimal_service': CMAKE_PREFIX_PATH=/opt/ros/foxy /usr/bin/cmake --build /home/muzz/ros2_ws/build/examples_rclcpp_minimal_service -- -j16 -l16
[2.579s] [35m[1mScanning dependencies of target service_main[0m
[2.656s] [ 50%] [32mBuilding CXX object CMakeFiles/service_main.dir/main.cpp.o[0m
[6.623s] [100%] [32m[1mLinking CXX executable service_main[0m
[7.274s] [100%] Built target service_main
[7.319s] Invoked command in '/home/muzz/ros2_ws/build/examples_rclcpp_minimal_service' returned '0': CMAKE_PREFIX_PATH=/opt/ros/foxy /usr/bin/cmake --build /home/muzz/ros2_ws/build/examples_rclcpp_minimal_service -- -j16 -l16
[7.654s] Invoking command in '/home/muzz/ros2_ws/build/examples_rclcpp_minimal_service': CMAKE_PREFIX_PATH=/opt/ros/foxy /usr/bin/cmake --install /home/muzz/ros2_ws/build/examples_rclcpp_minimal_service
[7.690s] -- Install configuration: ""
[7.691s] -- Execute custom install script
[7.699s] -- Symlinking: /home/muzz/ros2_ws/install/examples_rclcpp_minimal_service/lib/examples_rclcpp_minimal_service/service_main
[7.755s] -- Symlinking: /home/muzz/ros2_ws/install/examples_rclcpp_minimal_service/share/ament_index/resource_index/package_run_dependencies/examples_rclcpp_minimal_service
[7.771s] -- Symlinking: /home/muzz/ros2_ws/install/examples_rclcpp_minimal_service/share/ament_index/resource_index/parent_prefix_path/examples_rclcpp_minimal_service
[7.786s] -- Symlinking: /home/muzz/ros2_ws/install/examples_rclcpp_minimal_service/share/examples_rclcpp_minimal_service/environment/ament_prefix_path.sh
[7.826s] -- Symlinking: /home/muzz/ros2_ws/install/examples_rclcpp_minimal_service/share/examples_rclcpp_minimal_service/environment/ament_prefix_path.dsv
[7.904s] -- Symlinking: /home/muzz/ros2_ws/install/examples_rclcpp_minimal_service/share/examples_rclcpp_minimal_service/environment/path.sh
[7.935s] -- Symlinking: /home/muzz/ros2_ws/install/examples_rclcpp_minimal_service/share/examples_rclcpp_minimal_service/environment/path.dsv
[7.976s] -- Symlinking: /home/muzz/ros2_ws/install/examples_rclcpp_minimal_service/share/examples_rclcpp_minimal_service/local_setup.bash
[8.002s] -- Symlinking: /home/muzz/ros2_ws/install/examples_rclcpp_minimal_service/share/examples_rclcpp_minimal_service/local_setup.sh
[8.041s] -- Symlinking: /home/muzz/ros2_ws/install/examples_rclcpp_minimal_service/share/examples_rclcpp_minimal_service/local_setup.zsh
[8.092s] -- Symlinking: /home/muzz/ros2_ws/install/examples_rclcpp_minimal_service/share/examples_rclcpp_minimal_service/local_setup.dsv
[8.119s] -- Symlinking: /home/muzz/ros2_ws/install/examples_rclcpp_minimal_service/share/examples_rclcpp_minimal_service/package.dsv
[8.156s] -- Symlinking: /home/muzz/ros2_ws/install/examples_rclcpp_minimal_service/share/ament_index/resource_index/packages/examples_rclcpp_minimal_service
[8.165s] -- Symlinking: /home/muzz/ros2_ws/install/examples_rclcpp_minimal_service/share/examples_rclcpp_minimal_service/cmake/examples_rclcpp_minimal_serviceConfig.cmake
[8.199s] -- Symlinking: /home/muzz/ros2_ws/install/examples_rclcpp_minimal_service/share/examples_rclcpp_minimal_service/cmake/examples_rclcpp_minimal_serviceConfig-version.cmake
[8.215s] -- Symlinking: /home/muzz/ros2_ws/install/examples_rclcpp_minimal_service/share/examples_rclcpp_minimal_service/package.xml
[8.243s] Invoked command in '/home/muzz/ros2_ws/build/examples_rclcpp_minimal_service' returned '0': CMAKE_PREFIX_PATH=/opt/ros/foxy /usr/bin/cmake --install /home/muzz/ros2_ws/build/examples_rclcpp_minimal_service
