[0.165s] Invoking command in '/home/muzz/ros2_ws/build/examples_rclcpp_minimal_composition': CMAKE_PREFIX_PATH=/opt/ros/foxy /usr/bin/cmake /home/muzz/ros2_ws/src/examples/rclcpp/composition/minimal_composition -DAMENT_CMAKE_SYMLINK_INSTALL=1 -DCMAKE_INSTALL_PREFIX=/home/muzz/ros2_ws/install/examples_rclcpp_minimal_composition
[1.883s] -- Found ament_cmake: 0.9.12 (/opt/ros/foxy/share/ament_cmake/cmake)
[1.883s] -- Using PYTHON_EXECUTABLE: /usr/bin/python3
[1.883s] -- Override CMake install command with custom implementation using symlinks instead of copying resources
[1.884s] -- Found rclcpp: 2.4.3 (/opt/ros/foxy/share/rclcpp/cmake)
[1.884s] -- Using all available rosidl_typesupport_c: rosidl_typesupport_fastrtps_c;rosidl_typesupport_introspection_c
[1.884s] -- Found rosidl_adapter: 1.3.1 (/opt/ros/foxy/share/rosidl_adapter/cmake)
[1.884s] -- Using all available rosidl_typesupport_cpp: rosidl_typesupport_fastrtps_cpp;rosidl_typesupport_introspection_cpp
[1.884s] -- Found rmw_implementation_cmake: 1.0.4 (/opt/ros/foxy/share/rmw_implementation_cmake/cmake)
[1.884s] -- Using RMW implementation 'rmw_fastrtps_cpp' as default
[1.884s] -- Found rclcpp_components: 2.4.3 (/opt/ros/foxy/share/rclcpp_components/cmake)
[1.885s] -- Found ament_lint_auto: 0.9.8 (/opt/ros/foxy/share/ament_lint_auto/cmake)
[1.885s] -- Added test 'copyright' to check source files copyright and LICENSE
[1.885s] -- Added test 'cppcheck' to perform static code analysis on C / C++ code
[1.885s] -- Configured cppcheck include dirs: /home/muzz/ros2_ws/src/examples/rclcpp/composition/minimal_composition/include
[1.888s] -- Configured cppcheck exclude dirs and/or files: 
[1.889s] -- Added test 'cpplint' to check C / C++ code against the Google style
[1.889s] -- Configured cpplint exclude dirs and/or files: 
[1.889s] -- Added test 'lint_cmake' to check CMake code style
[1.889s] -- Added test 'uncrustify' to check C / C++ code style
[1.889s] -- Configured uncrustify additional arguments: 
[1.889s] -- Added test 'xmllint' to check XML markup files
[1.889s] -- Configuring done
[1.890s] -- Generating done
[1.890s] -- Build files have been written to: /home/muzz/ros2_ws/build/examples_rclcpp_minimal_composition
[1.921s] Invoked command in '/home/muzz/ros2_ws/build/examples_rclcpp_minimal_composition' returned '0': CMAKE_PREFIX_PATH=/opt/ros/foxy /usr/bin/cmake /home/muzz/ros2_ws/src/examples/rclcpp/composition/minimal_composition -DAMENT_CMAKE_SYMLINK_INSTALL=1 -DCMAKE_INSTALL_PREFIX=/home/muzz/ros2_ws/install/examples_rclcpp_minimal_composition
[1.921s] Invoking command in '/home/muzz/ros2_ws/build/examples_rclcpp_minimal_composition': CMAKE_PREFIX_PATH=/opt/ros/foxy /usr/bin/cmake --build /home/muzz/ros2_ws/build/examples_rclcpp_minimal_composition -- -j16 -l16
[1.985s] [ 33%] Built target composition_nodes
[2.027s] [ 77%] Built target composition_composed
[2.028s] [ 77%] Built target composition_subscriber
[2.028s] [100%] Built target composition_publisher
[2.090s] Invoked command in '/home/muzz/ros2_ws/build/examples_rclcpp_minimal_composition' returned '0': CMAKE_PREFIX_PATH=/opt/ros/foxy /usr/bin/cmake --build /home/muzz/ros2_ws/build/examples_rclcpp_minimal_composition -- -j16 -l16
[2.214s] Invoking command in '/home/muzz/ros2_ws/build/examples_rclcpp_minimal_composition': CMAKE_PREFIX_PATH=/opt/ros/foxy /usr/bin/cmake --install /home/muzz/ros2_ws/build/examples_rclcpp_minimal_composition
[2.221s] -- Install configuration: ""
[2.221s] -- Execute custom install script
[2.221s] -- Up-to-date symlink: /home/muzz/ros2_ws/install/examples_rclcpp_minimal_composition/share/examples_rclcpp_minimal_composition/environment/library_path.sh
[2.222s] -- Up-to-date symlink: /home/muzz/ros2_ws/install/examples_rclcpp_minimal_composition/share/examples_rclcpp_minimal_composition/environment/library_path.dsv
[2.222s] -- Up-to-date symlink: /home/muzz/ros2_ws/install/examples_rclcpp_minimal_composition/lib/libcomposition_nodes.so
[2.222s] -- Up-to-date symlink: /home/muzz/ros2_ws/install/examples_rclcpp_minimal_composition/lib/examples_rclcpp_minimal_composition/composition_publisher
[2.222s] -- Up-to-date symlink: /home/muzz/ros2_ws/install/examples_rclcpp_minimal_composition/lib/examples_rclcpp_minimal_composition/composition_subscriber
[2.223s] -- Up-to-date symlink: /home/muzz/ros2_ws/install/examples_rclcpp_minimal_composition/lib/examples_rclcpp_minimal_composition/composition_composed
[2.223s] -- Up-to-date symlink: /home/muzz/ros2_ws/install/examples_rclcpp_minimal_composition/share/ament_index/resource_index/package_run_dependencies/examples_rclcpp_minimal_composition
[2.223s] -- Up-to-date symlink: /home/muzz/ros2_ws/install/examples_rclcpp_minimal_composition/share/ament_index/resource_index/parent_prefix_path/examples_rclcpp_minimal_composition
[2.223s] -- Up-to-date symlink: /home/muzz/ros2_ws/install/examples_rclcpp_minimal_composition/share/examples_rclcpp_minimal_composition/environment/ament_prefix_path.sh
[2.225s] -- Up-to-date symlink: /home/muzz/ros2_ws/install/examples_rclcpp_minimal_composition/share/examples_rclcpp_minimal_composition/environment/ament_prefix_path.dsv
[2.225s] -- Up-to-date symlink: /home/muzz/ros2_ws/install/examples_rclcpp_minimal_composition/share/examples_rclcpp_minimal_composition/environment/path.sh
[2.225s] -- Up-to-date symlink: /home/muzz/ros2_ws/install/examples_rclcpp_minimal_composition/share/examples_rclcpp_minimal_composition/environment/path.dsv
[2.226s] -- Up-to-date symlink: /home/muzz/ros2_ws/install/examples_rclcpp_minimal_composition/share/examples_rclcpp_minimal_composition/local_setup.bash
[2.226s] -- Up-to-date symlink: /home/muzz/ros2_ws/install/examples_rclcpp_minimal_composition/share/examples_rclcpp_minimal_composition/local_setup.sh
[2.226s] -- Up-to-date symlink: /home/muzz/ros2_ws/install/examples_rclcpp_minimal_composition/share/examples_rclcpp_minimal_composition/local_setup.zsh
[2.226s] -- Up-to-date symlink: /home/muzz/ros2_ws/install/examples_rclcpp_minimal_composition/share/examples_rclcpp_minimal_composition/local_setup.dsv
[2.228s] -- Symlinking: /home/muzz/ros2_ws/install/examples_rclcpp_minimal_composition/share/examples_rclcpp_minimal_composition/package.dsv
[2.244s] -- Up-to-date symlink: /home/muzz/ros2_ws/install/examples_rclcpp_minimal_composition/share/ament_index/resource_index/packages/examples_rclcpp_minimal_composition
[2.244s] -- Up-to-date symlink: /home/muzz/ros2_ws/install/examples_rclcpp_minimal_composition/share/examples_rclcpp_minimal_composition/cmake/examples_rclcpp_minimal_compositionConfig.cmake
[2.244s] -- Up-to-date symlink: /home/muzz/ros2_ws/install/examples_rclcpp_minimal_composition/share/examples_rclcpp_minimal_composition/cmake/examples_rclcpp_minimal_compositionConfig-version.cmake
[2.244s] -- Up-to-date symlink: /home/muzz/ros2_ws/install/examples_rclcpp_minimal_composition/share/examples_rclcpp_minimal_composition/package.xml
[2.370s] Invoked command in '/home/muzz/ros2_ws/build/examples_rclcpp_minimal_composition' returned '0': CMAKE_PREFIX_PATH=/opt/ros/foxy /usr/bin/cmake --install /home/muzz/ros2_ws/build/examples_rclcpp_minimal_composition
