[0.504s] Invoking command in '/home/muzz/ros2_ws/src/muzz_package': PYTHONPATH=/home/muzz/ros2_ws/build/muzz_package/prefix_override:/home/muzz/ros2_ws/install/muzz_package/lib/python3.8/site-packages:${PYTHONPATH} /usr/bin/python3 -W ignore:setup.py install is deprecated setup.py egg_info --egg-base ../../build/muzz_package build --build-base /home/muzz/ros2_ws/build/muzz_package/build install --record /home/muzz/ros2_ws/build/muzz_package/install.log --install-scripts $base/lib/muzz_package --single-version-externally-managed install_data
[0.671s] running egg_info
[0.671s] creating ../../build/muzz_package/muzz_package.egg-info
[0.671s] writing ../../build/muzz_package/muzz_package.egg-info/PKG-INFO
[0.671s] writing dependency_links to ../../build/muzz_package/muzz_package.egg-info/dependency_links.txt
[0.672s] writing entry points to ../../build/muzz_package/muzz_package.egg-info/entry_points.txt
[0.672s] writing requirements to ../../build/muzz_package/muzz_package.egg-info/requires.txt
[0.672s] writing top-level names to ../../build/muzz_package/muzz_package.egg-info/top_level.txt
[0.672s] writing manifest file '../../build/muzz_package/muzz_package.egg-info/SOURCES.txt'
[0.696s] reading manifest file '../../build/muzz_package/muzz_package.egg-info/SOURCES.txt'
[0.697s] writing manifest file '../../build/muzz_package/muzz_package.egg-info/SOURCES.txt'
[0.697s] running build
[0.697s] running build_py
[0.697s] creating /home/muzz/ros2_ws/build/muzz_package/build
[0.697s] creating /home/muzz/ros2_ws/build/muzz_package/build/lib
[0.698s] creating /home/muzz/ros2_ws/build/muzz_package/build/lib/muzz_package
[0.698s] copying muzz_package/my_node.py -> /home/muzz/ros2_ws/build/muzz_package/build/lib/muzz_package
[0.698s] copying muzz_package/__init__.py -> /home/muzz/ros2_ws/build/muzz_package/build/lib/muzz_package
[0.698s] running install
[0.698s] running install_lib
[0.698s] creating /home/muzz/ros2_ws/install/muzz_package/lib/python3.8/site-packages/muzz_package
[0.699s] copying /home/muzz/ros2_ws/build/muzz_package/build/lib/muzz_package/my_node.py -> /home/muzz/ros2_ws/install/muzz_package/lib/python3.8/site-packages/muzz_package
[0.699s] copying /home/muzz/ros2_ws/build/muzz_package/build/lib/muzz_package/__init__.py -> /home/muzz/ros2_ws/install/muzz_package/lib/python3.8/site-packages/muzz_package
[0.699s] byte-compiling /home/muzz/ros2_ws/install/muzz_package/lib/python3.8/site-packages/muzz_package/my_node.py to my_node.cpython-38.pyc
[0.700s] byte-compiling /home/muzz/ros2_ws/install/muzz_package/lib/python3.8/site-packages/muzz_package/__init__.py to __init__.cpython-38.pyc
[0.700s] running install_data
[0.700s] creating /home/muzz/ros2_ws/install/muzz_package/share/ament_index
[0.700s] creating /home/muzz/ros2_ws/install/muzz_package/share/ament_index/resource_index
[0.700s] creating /home/muzz/ros2_ws/install/muzz_package/share/ament_index/resource_index/packages
[0.701s] copying resource/muzz_package -> /home/muzz/ros2_ws/install/muzz_package/share/ament_index/resource_index/packages
[0.701s] copying package.xml -> /home/muzz/ros2_ws/install/muzz_package/share/muzz_package
[0.701s] running install_egg_info
[0.701s] Copying ../../build/muzz_package/muzz_package.egg-info to /home/muzz/ros2_ws/install/muzz_package/lib/python3.8/site-packages/muzz_package-0.0.0-py3.8.egg-info
[0.702s] running install_scripts
[0.714s] Installing my_node script to /home/muzz/ros2_ws/install/muzz_package/lib/muzz_package
[0.714s] writing list of installed files to '/home/muzz/ros2_ws/build/muzz_package/install.log'
[0.737s] Invoked command in '/home/muzz/ros2_ws/src/muzz_package' returned '0': PYTHONPATH=/home/muzz/ros2_ws/build/muzz_package/prefix_override:/home/muzz/ros2_ws/install/muzz_package/lib/python3.8/site-packages:${PYTHONPATH} /usr/bin/python3 -W ignore:setup.py install is deprecated setup.py egg_info --egg-base ../../build/muzz_package build --build-base /home/muzz/ros2_ws/build/muzz_package/build install --record /home/muzz/ros2_ws/build/muzz_package/install.log --install-scripts $base/lib/muzz_package --single-version-externally-managed install_data
