[2.561s] Invoking command in '/home/muzz/ros2_ws/build/examples_rclpy_minimal_action_client': PYTHONPATH=/home/muzz/ros2_ws/build/examples_rclpy_minimal_action_client/prefix_override:/home/muzz/ros2_ws/install/examples_rclpy_minimal_action_client/lib/python3.8/site-packages:${PYTHONPATH} /usr/bin/python3 -W ignore:setup.py install is deprecated setup.py develop --editable --build-directory /home/muzz/ros2_ws/build/examples_rclpy_minimal_action_client/build --no-deps symlink_data
[3.051s] running develop
[3.459s] running egg_info
[3.459s] creating examples_rclpy_minimal_action_client.egg-info
[3.459s] writing examples_rclpy_minimal_action_client.egg-info/PKG-INFO
[3.460s] writing dependency_links to examples_rclpy_minimal_action_client.egg-info/dependency_links.txt
[3.460s] writing entry points to examples_rclpy_minimal_action_client.egg-info/entry_points.txt
[3.460s] writing requirements to examples_rclpy_minimal_action_client.egg-info/requires.txt
[3.460s] writing top-level names to examples_rclpy_minimal_action_client.egg-info/top_level.txt
[3.474s] writing manifest file 'examples_rclpy_minimal_action_client.egg-info/SOURCES.txt'
[3.566s] reading manifest file 'examples_rclpy_minimal_action_client.egg-info/SOURCES.txt'
[3.567s] writing manifest file 'examples_rclpy_minimal_action_client.egg-info/SOURCES.txt'
[3.697s] running build_ext
[3.698s] Creating /home/muzz/ros2_ws/install/examples_rclpy_minimal_action_client/lib/python3.8/site-packages/site.py
[3.708s] Creating /home/muzz/ros2_ws/install/examples_rclpy_minimal_action_client/lib/python3.8/site-packages/examples-rclpy-minimal-action-client.egg-link (link to .)
[3.709s] Installing client script to /home/muzz/ros2_ws/install/examples_rclpy_minimal_action_client/lib/examples_rclpy_minimal_action_client
[3.718s] Installing client_cancel script to /home/muzz/ros2_ws/install/examples_rclpy_minimal_action_client/lib/examples_rclpy_minimal_action_client
[3.718s] Installing client_not_composable script to /home/muzz/ros2_ws/install/examples_rclpy_minimal_action_client/lib/examples_rclpy_minimal_action_client
[3.719s] 
[3.719s] Installed /home/muzz/ros2_ws/build/examples_rclpy_minimal_action_client
[3.719s] running symlink_data
[3.719s] creating /home/muzz/ros2_ws/install/examples_rclpy_minimal_action_client/share/ament_index
[3.719s] creating /home/muzz/ros2_ws/install/examples_rclpy_minimal_action_client/share/ament_index/resource_index
[3.719s] creating /home/muzz/ros2_ws/install/examples_rclpy_minimal_action_client/share/ament_index/resource_index/packages
[3.719s] symbolically linking /home/muzz/ros2_ws/build/examples_rclpy_minimal_action_client/resource/examples_rclpy_minimal_action_client -> /home/muzz/ros2_ws/install/examples_rclpy_minimal_action_client/share/ament_index/resource_index/packages
[3.719s] symbolically linking /home/muzz/ros2_ws/build/examples_rclpy_minimal_action_client/package.xml -> /home/muzz/ros2_ws/install/examples_rclpy_minimal_action_client/share/examples_rclpy_minimal_action_client
[3.892s] Invoked command in '/home/muzz/ros2_ws/build/examples_rclpy_minimal_action_client' returned '0': PYTHONPATH=/home/muzz/ros2_ws/build/examples_rclpy_minimal_action_client/prefix_override:/home/muzz/ros2_ws/install/examples_rclpy_minimal_action_client/lib/python3.8/site-packages:${PYTHONPATH} /usr/bin/python3 -W ignore:setup.py install is deprecated setup.py develop --editable --build-directory /home/muzz/ros2_ws/build/examples_rclpy_minimal_action_client/build --no-deps symlink_data
