[0.171s] Invoking command in '/home/muzz/ros2_ws/build/examples_rclcpp_minimal_composition': CMAKE_PREFIX_PATH=/opt/ros/foxy /usr/bin/cmake /home/muzz/ros2_ws/src/examples/rclcpp/composition/minimal_composition -DCMAKE_INSTALL_PREFIX=/home/muzz/ros2_ws/install/examples_rclcpp_minimal_composition
[1.779s] -- Found ament_cmake: 0.9.12 (/opt/ros/foxy/share/ament_cmake/cmake)
[1.780s] -- Using PYTHON_EXECUTABLE: /usr/bin/python3
[1.780s] -- Override CMake install command with custom implementation using symlinks instead of copying resources
[1.780s] -- Found rclcpp: 2.4.3 (/opt/ros/foxy/share/rclcpp/cmake)
[1.780s] -- Using all available rosidl_typesupport_c: rosidl_typesupport_fastrtps_c;rosidl_typesupport_introspection_c
[1.781s] -- Found rosidl_adapter: 1.3.1 (/opt/ros/foxy/share/rosidl_adapter/cmake)
[1.785s] -- Using all available rosidl_typesupport_cpp: rosidl_typesupport_fastrtps_cpp;rosidl_typesupport_introspection_cpp
[1.785s] -- Found rmw_implementation_cmake: 1.0.4 (/opt/ros/foxy/share/rmw_implementation_cmake/cmake)
[1.785s] -- Using RMW implementation 'rmw_fastrtps_cpp' as default
[1.785s] -- Found rclcpp_components: 2.4.3 (/opt/ros/foxy/share/rclcpp_components/cmake)
[1.785s] -- Found ament_lint_auto: 0.9.8 (/opt/ros/foxy/share/ament_lint_auto/cmake)
[1.786s] -- Added test 'copyright' to check source files copyright and LICENSE
[1.786s] -- Added test 'cppcheck' to perform static code analysis on C / C++ code
[1.786s] -- Configured cppcheck include dirs: /home/muzz/ros2_ws/src/examples/rclcpp/composition/minimal_composition/include
[1.786s] -- Configured cppcheck exclude dirs and/or files: 
[1.787s] -- Added test 'cpplint' to check C / C++ code against the Google style
[1.790s] -- Configured cpplint exclude dirs and/or files: 
[1.791s] -- Added test 'lint_cmake' to check CMake code style
[1.791s] -- Added test 'uncrustify' to check C / C++ code style
[1.792s] -- Configured uncrustify additional arguments: 
[1.792s] -- Added test 'xmllint' to check XML markup files
[1.792s] -- Configuring done
[1.792s] -- Generating done
[1.792s] -- Build files have been written to: /home/muzz/ros2_ws/build/examples_rclcpp_minimal_composition
[1.848s] Invoked command in '/home/muzz/ros2_ws/build/examples_rclcpp_minimal_composition' returned '0': CMAKE_PREFIX_PATH=/opt/ros/foxy /usr/bin/cmake /home/muzz/ros2_ws/src/examples/rclcpp/composition/minimal_composition -DCMAKE_INSTALL_PREFIX=/home/muzz/ros2_ws/install/examples_rclcpp_minimal_composition
[1.849s] Invoking command in '/home/muzz/ros2_ws/build/examples_rclcpp_minimal_composition': CMAKE_PREFIX_PATH=/opt/ros/foxy /usr/bin/cmake --build /home/muzz/ros2_ws/build/examples_rclcpp_minimal_composition -- -j16 -l16
[1.901s] [ 33%] Built target composition_nodes
[1.947s] [ 55%] Built target composition_subscriber
[1.956s] [ 77%] Built target composition_publisher
[1.956s] [100%] Built target composition_composed
[1.998s] Invoked command in '/home/muzz/ros2_ws/build/examples_rclcpp_minimal_composition' returned '0': CMAKE_PREFIX_PATH=/opt/ros/foxy /usr/bin/cmake --build /home/muzz/ros2_ws/build/examples_rclcpp_minimal_composition -- -j16 -l16
[2.151s] Invoking command in '/home/muzz/ros2_ws/build/examples_rclcpp_minimal_composition': CMAKE_PREFIX_PATH=/opt/ros/foxy /usr/bin/cmake --install /home/muzz/ros2_ws/build/examples_rclcpp_minimal_composition
[2.186s] -- Install configuration: ""
[2.187s] -- Execute custom install script
[2.187s] -- Up-to-date symlink: /home/muzz/ros2_ws/install/examples_rclcpp_minimal_composition/share/examples_rclcpp_minimal_composition/environment/library_path.sh
[2.188s] -- Up-to-date symlink: /home/muzz/ros2_ws/install/examples_rclcpp_minimal_composition/share/examples_rclcpp_minimal_composition/environment/library_path.dsv
[2.188s] -- Up-to-date symlink: /home/muzz/ros2_ws/install/examples_rclcpp_minimal_composition/lib/libcomposition_nodes.so
[2.188s] -- Up-to-date symlink: /home/muzz/ros2_ws/install/examples_rclcpp_minimal_composition/lib/examples_rclcpp_minimal_composition/composition_publisher
[2.188s] -- Up-to-date symlink: /home/muzz/ros2_ws/install/examples_rclcpp_minimal_composition/lib/examples_rclcpp_minimal_composition/composition_subscriber
[2.188s] -- Up-to-date symlink: /home/muzz/ros2_ws/install/examples_rclcpp_minimal_composition/lib/examples_rclcpp_minimal_composition/composition_composed
[2.189s] -- Up-to-date symlink: /home/muzz/ros2_ws/install/examples_rclcpp_minimal_composition/share/ament_index/resource_index/package_run_dependencies/examples_rclcpp_minimal_composition
[2.189s] -- Up-to-date symlink: /home/muzz/ros2_ws/install/examples_rclcpp_minimal_composition/share/ament_index/resource_index/parent_prefix_path/examples_rclcpp_minimal_composition
[2.189s] -- Up-to-date symlink: /home/muzz/ros2_ws/install/examples_rclcpp_minimal_composition/share/examples_rclcpp_minimal_composition/environment/ament_prefix_path.sh
[2.190s] -- Up-to-date symlink: /home/muzz/ros2_ws/install/examples_rclcpp_minimal_composition/share/examples_rclcpp_minimal_composition/environment/ament_prefix_path.dsv
[2.190s] -- Up-to-date symlink: /home/muzz/ros2_ws/install/examples_rclcpp_minimal_composition/share/examples_rclcpp_minimal_composition/environment/path.sh
[2.191s] -- Up-to-date symlink: /home/muzz/ros2_ws/install/examples_rclcpp_minimal_composition/share/examples_rclcpp_minimal_composition/environment/path.dsv
[2.192s] -- Up-to-date symlink: /home/muzz/ros2_ws/install/examples_rclcpp_minimal_composition/share/examples_rclcpp_minimal_composition/local_setup.bash
[2.192s] -- Up-to-date symlink: /home/muzz/ros2_ws/install/examples_rclcpp_minimal_composition/share/examples_rclcpp_minimal_composition/local_setup.sh
[2.192s] -- Up-to-date symlink: /home/muzz/ros2_ws/install/examples_rclcpp_minimal_composition/share/examples_rclcpp_minimal_composition/local_setup.zsh
[2.192s] -- Up-to-date symlink: /home/muzz/ros2_ws/install/examples_rclcpp_minimal_composition/share/examples_rclcpp_minimal_composition/local_setup.dsv
[2.193s] -- Symlinking: /home/muzz/ros2_ws/install/examples_rclcpp_minimal_composition/share/examples_rclcpp_minimal_composition/package.dsv
[2.193s] -- Up-to-date symlink: /home/muzz/ros2_ws/install/examples_rclcpp_minimal_composition/share/ament_index/resource_index/packages/examples_rclcpp_minimal_composition
[2.193s] -- Up-to-date symlink: /home/muzz/ros2_ws/install/examples_rclcpp_minimal_composition/share/examples_rclcpp_minimal_composition/cmake/examples_rclcpp_minimal_compositionConfig.cmake
[2.194s] -- Up-to-date symlink: /home/muzz/ros2_ws/install/examples_rclcpp_minimal_composition/share/examples_rclcpp_minimal_composition/cmake/examples_rclcpp_minimal_compositionConfig-version.cmake
[2.194s] -- Up-to-date symlink: /home/muzz/ros2_ws/install/examples_rclcpp_minimal_composition/share/examples_rclcpp_minimal_composition/package.xml
[2.261s] Invoked command in '/home/muzz/ros2_ws/build/examples_rclcpp_minimal_composition' returned '0': CMAKE_PREFIX_PATH=/opt/ros/foxy /usr/bin/cmake --install /home/muzz/ros2_ws/build/examples_rclcpp_minimal_composition
