[0.155s] Invoking command in '/home/muzz/ros2_ws/build/examples_rclcpp_multithreaded_executor': CMAKE_PREFIX_PATH=/opt/ros/foxy /usr/bin/cmake /home/muzz/ros2_ws/src/examples/rclcpp/executors/multithreaded_executor -DAMENT_CMAKE_SYMLINK_INSTALL=1 -DCMAKE_INSTALL_PREFIX=/home/muzz/ros2_ws/install/examples_rclcpp_multithreaded_executor
[1.873s] -- Found ament_cmake: 0.9.12 (/opt/ros/foxy/share/ament_cmake/cmake)
[1.873s] -- Using PYTHON_EXECUTABLE: /usr/bin/python3
[1.874s] -- Override CMake install command with custom implementation using symlinks instead of copying resources
[1.874s] -- Found rclcpp: 2.4.3 (/opt/ros/foxy/share/rclcpp/cmake)
[1.874s] -- Using all available rosidl_typesupport_c: rosidl_typesupport_fastrtps_c;rosidl_typesupport_introspection_c
[1.874s] -- Found rosidl_adapter: 1.3.1 (/opt/ros/foxy/share/rosidl_adapter/cmake)
[1.874s] -- Using all available rosidl_typesupport_cpp: rosidl_typesupport_fastrtps_cpp;rosidl_typesupport_introspection_cpp
[1.874s] -- Found rmw_implementation_cmake: 1.0.4 (/opt/ros/foxy/share/rmw_implementation_cmake/cmake)
[1.874s] -- Using RMW implementation 'rmw_fastrtps_cpp' as default
[1.874s] -- Found ament_lint_auto: 0.9.8 (/opt/ros/foxy/share/ament_lint_auto/cmake)
[1.874s] -- Added test 'copyright' to check source files copyright and LICENSE
[1.874s] -- Added test 'cppcheck' to perform static code analysis on C / C++ code
[1.874s] -- Configured cppcheck include dirs: 
[1.874s] -- Configured cppcheck exclude dirs and/or files: 
[1.874s] -- Added test 'cpplint' to check C / C++ code against the Google style
[1.874s] -- Configured cpplint exclude dirs and/or files: 
[1.874s] -- Added test 'lint_cmake' to check CMake code style
[1.874s] -- Added test 'uncrustify' to check C / C++ code style
[1.875s] -- Configured uncrustify additional arguments: 
[1.875s] -- Added test 'xmllint' to check XML markup files
[1.875s] -- Configuring done
[1.875s] -- Generating done
[1.875s] -- Build files have been written to: /home/muzz/ros2_ws/build/examples_rclcpp_multithreaded_executor
[1.887s] Invoked command in '/home/muzz/ros2_ws/build/examples_rclcpp_multithreaded_executor' returned '0': CMAKE_PREFIX_PATH=/opt/ros/foxy /usr/bin/cmake /home/muzz/ros2_ws/src/examples/rclcpp/executors/multithreaded_executor -DAMENT_CMAKE_SYMLINK_INSTALL=1 -DCMAKE_INSTALL_PREFIX=/home/muzz/ros2_ws/install/examples_rclcpp_multithreaded_executor
[1.888s] Invoking command in '/home/muzz/ros2_ws/build/examples_rclcpp_multithreaded_executor': CMAKE_PREFIX_PATH=/opt/ros/foxy /usr/bin/cmake --build /home/muzz/ros2_ws/build/examples_rclcpp_multithreaded_executor -- -j16 -l16
[1.969s] [100%] Built target multithreaded_executor
[2.037s] Invoked command in '/home/muzz/ros2_ws/build/examples_rclcpp_multithreaded_executor' returned '0': CMAKE_PREFIX_PATH=/opt/ros/foxy /usr/bin/cmake --build /home/muzz/ros2_ws/build/examples_rclcpp_multithreaded_executor -- -j16 -l16
[2.140s] Invoking command in '/home/muzz/ros2_ws/build/examples_rclcpp_multithreaded_executor': CMAKE_PREFIX_PATH=/opt/ros/foxy /usr/bin/cmake --install /home/muzz/ros2_ws/build/examples_rclcpp_multithreaded_executor
[2.166s] -- Install configuration: ""
[2.166s] -- Execute custom install script
[2.167s] -- Up-to-date symlink: /home/muzz/ros2_ws/install/examples_rclcpp_multithreaded_executor/lib/examples_rclcpp_multithreaded_executor/multithreaded_executor
[2.168s] -- Up-to-date symlink: /home/muzz/ros2_ws/install/examples_rclcpp_multithreaded_executor/share/ament_index/resource_index/package_run_dependencies/examples_rclcpp_multithreaded_executor
[2.168s] -- Up-to-date symlink: /home/muzz/ros2_ws/install/examples_rclcpp_multithreaded_executor/share/ament_index/resource_index/parent_prefix_path/examples_rclcpp_multithreaded_executor
[2.168s] -- Up-to-date symlink: /home/muzz/ros2_ws/install/examples_rclcpp_multithreaded_executor/share/examples_rclcpp_multithreaded_executor/environment/ament_prefix_path.sh
[2.168s] -- Up-to-date symlink: /home/muzz/ros2_ws/install/examples_rclcpp_multithreaded_executor/share/examples_rclcpp_multithreaded_executor/environment/ament_prefix_path.dsv
[2.168s] -- Up-to-date symlink: /home/muzz/ros2_ws/install/examples_rclcpp_multithreaded_executor/share/examples_rclcpp_multithreaded_executor/environment/path.sh
[2.169s] -- Up-to-date symlink: /home/muzz/ros2_ws/install/examples_rclcpp_multithreaded_executor/share/examples_rclcpp_multithreaded_executor/environment/path.dsv
[2.169s] -- Up-to-date symlink: /home/muzz/ros2_ws/install/examples_rclcpp_multithreaded_executor/share/examples_rclcpp_multithreaded_executor/local_setup.bash
[2.169s] -- Up-to-date symlink: /home/muzz/ros2_ws/install/examples_rclcpp_multithreaded_executor/share/examples_rclcpp_multithreaded_executor/local_setup.sh
[2.170s] -- Up-to-date symlink: /home/muzz/ros2_ws/install/examples_rclcpp_multithreaded_executor/share/examples_rclcpp_multithreaded_executor/local_setup.zsh
[2.171s] -- Up-to-date symlink: /home/muzz/ros2_ws/install/examples_rclcpp_multithreaded_executor/share/examples_rclcpp_multithreaded_executor/local_setup.dsv
[2.171s] -- Symlinking: /home/muzz/ros2_ws/install/examples_rclcpp_multithreaded_executor/share/examples_rclcpp_multithreaded_executor/package.dsv
[2.176s] -- Up-to-date symlink: /home/muzz/ros2_ws/install/examples_rclcpp_multithreaded_executor/share/ament_index/resource_index/packages/examples_rclcpp_multithreaded_executor
[2.177s] -- Up-to-date symlink: /home/muzz/ros2_ws/install/examples_rclcpp_multithreaded_executor/share/examples_rclcpp_multithreaded_executor/cmake/examples_rclcpp_multithreaded_executorConfig.cmake
[2.177s] -- Up-to-date symlink: /home/muzz/ros2_ws/install/examples_rclcpp_multithreaded_executor/share/examples_rclcpp_multithreaded_executor/cmake/examples_rclcpp_multithreaded_executorConfig-version.cmake
[2.179s] -- Up-to-date symlink: /home/muzz/ros2_ws/install/examples_rclcpp_multithreaded_executor/share/examples_rclcpp_multithreaded_executor/package.xml
[2.291s] Invoked command in '/home/muzz/ros2_ws/build/examples_rclcpp_multithreaded_executor' returned '0': CMAKE_PREFIX_PATH=/opt/ros/foxy /usr/bin/cmake --install /home/muzz/ros2_ws/build/examples_rclcpp_multithreaded_executor
