[0.186s] Invoking command in '/home/muzz/ros2_ws/build/examples_rclcpp_minimal_timer': CMAKE_PREFIX_PATH=${CMAKE_PREFIX_PATH}:/home/muzz/ros2_ws/install/muzz_package:/home/muzz/ros2_ws/install/teleop_twist_keyboard:/home/muzz/ros2_ws/install/examples_rclpy_minimal_subscriber:/home/muzz/ros2_ws/install/examples_rclpy_minimal_service:/home/muzz/ros2_ws/install/examples_rclpy_minimal_publisher:/home/muzz/ros2_ws/install/examples_rclpy_minimal_client:/home/muzz/ros2_ws/install/examples_rclpy_minimal_action_server:/home/muzz/ros2_ws/install/examples_rclpy_minimal_action_client:/home/muzz/ros2_ws/install/examples_rclpy_executors:/opt/ros/foxy /usr/bin/cmake --build /home/muzz/ros2_ws/build/examples_rclcpp_minimal_timer -- -j16 -l16
[1.591s] [ 50%] Built target timer_lambda
[1.591s] [100%] Built target timer_member_function
[1.617s] Invoked command in '/home/muzz/ros2_ws/build/examples_rclcpp_minimal_timer' returned '0': CMAKE_PREFIX_PATH=${CMAKE_PREFIX_PATH}:/home/muzz/ros2_ws/install/muzz_package:/home/muzz/ros2_ws/install/teleop_twist_keyboard:/home/muzz/ros2_ws/install/examples_rclpy_minimal_subscriber:/home/muzz/ros2_ws/install/examples_rclpy_minimal_service:/home/muzz/ros2_ws/install/examples_rclpy_minimal_publisher:/home/muzz/ros2_ws/install/examples_rclpy_minimal_client:/home/muzz/ros2_ws/install/examples_rclpy_minimal_action_server:/home/muzz/ros2_ws/install/examples_rclpy_minimal_action_client:/home/muzz/ros2_ws/install/examples_rclpy_executors:/opt/ros/foxy /usr/bin/cmake --build /home/muzz/ros2_ws/build/examples_rclcpp_minimal_timer -- -j16 -l16
[1.740s] Invoking command in '/home/muzz/ros2_ws/build/examples_rclcpp_minimal_timer': CMAKE_PREFIX_PATH=${CMAKE_PREFIX_PATH}:/home/muzz/ros2_ws/install/muzz_package:/home/muzz/ros2_ws/install/teleop_twist_keyboard:/home/muzz/ros2_ws/install/examples_rclpy_minimal_subscriber:/home/muzz/ros2_ws/install/examples_rclpy_minimal_service:/home/muzz/ros2_ws/install/examples_rclpy_minimal_publisher:/home/muzz/ros2_ws/install/examples_rclpy_minimal_client:/home/muzz/ros2_ws/install/examples_rclpy_minimal_action_server:/home/muzz/ros2_ws/install/examples_rclpy_minimal_action_client:/home/muzz/ros2_ws/install/examples_rclpy_executors:/opt/ros/foxy /usr/bin/cmake --install /home/muzz/ros2_ws/build/examples_rclcpp_minimal_timer
[1.789s] -- Install configuration: ""
[1.789s] -- Execute custom install script
[1.789s] -- Up-to-date symlink: /home/muzz/ros2_ws/install/examples_rclcpp_minimal_timer/lib/examples_rclcpp_minimal_timer/timer_lambda
[1.789s] -- Up-to-date symlink: /home/muzz/ros2_ws/install/examples_rclcpp_minimal_timer/lib/examples_rclcpp_minimal_timer/timer_member_function
[1.789s] -- Up-to-date symlink: /home/muzz/ros2_ws/install/examples_rclcpp_minimal_timer/share/ament_index/resource_index/package_run_dependencies/examples_rclcpp_minimal_timer
[1.789s] -- Up-to-date symlink: /home/muzz/ros2_ws/install/examples_rclcpp_minimal_timer/share/ament_index/resource_index/parent_prefix_path/examples_rclcpp_minimal_timer
[1.790s] -- Up-to-date symlink: /home/muzz/ros2_ws/install/examples_rclcpp_minimal_timer/share/examples_rclcpp_minimal_timer/environment/ament_prefix_path.sh
[1.790s] -- Up-to-date symlink: /home/muzz/ros2_ws/install/examples_rclcpp_minimal_timer/share/examples_rclcpp_minimal_timer/environment/ament_prefix_path.dsv
[1.790s] -- Up-to-date symlink: /home/muzz/ros2_ws/install/examples_rclcpp_minimal_timer/share/examples_rclcpp_minimal_timer/environment/path.sh
[1.790s] -- Up-to-date symlink: /home/muzz/ros2_ws/install/examples_rclcpp_minimal_timer/share/examples_rclcpp_minimal_timer/environment/path.dsv
[1.790s] -- Up-to-date symlink: /home/muzz/ros2_ws/install/examples_rclcpp_minimal_timer/share/examples_rclcpp_minimal_timer/local_setup.bash
[1.790s] -- Up-to-date symlink: /home/muzz/ros2_ws/install/examples_rclcpp_minimal_timer/share/examples_rclcpp_minimal_timer/local_setup.sh
[1.790s] -- Up-to-date symlink: /home/muzz/ros2_ws/install/examples_rclcpp_minimal_timer/share/examples_rclcpp_minimal_timer/local_setup.zsh
[1.790s] -- Up-to-date symlink: /home/muzz/ros2_ws/install/examples_rclcpp_minimal_timer/share/examples_rclcpp_minimal_timer/local_setup.dsv
[1.791s] -- Symlinking: /home/muzz/ros2_ws/install/examples_rclcpp_minimal_timer/share/examples_rclcpp_minimal_timer/package.dsv
[1.797s] -- Up-to-date symlink: /home/muzz/ros2_ws/install/examples_rclcpp_minimal_timer/share/ament_index/resource_index/packages/examples_rclcpp_minimal_timer
[1.797s] -- Up-to-date symlink: /home/muzz/ros2_ws/install/examples_rclcpp_minimal_timer/share/examples_rclcpp_minimal_timer/cmake/examples_rclcpp_minimal_timerConfig.cmake
[1.798s] -- Up-to-date symlink: /home/muzz/ros2_ws/install/examples_rclcpp_minimal_timer/share/examples_rclcpp_minimal_timer/cmake/examples_rclcpp_minimal_timerConfig-version.cmake
[1.798s] -- Up-to-date symlink: /home/muzz/ros2_ws/install/examples_rclcpp_minimal_timer/share/examples_rclcpp_minimal_timer/package.xml
[1.930s] Invoked command in '/home/muzz/ros2_ws/build/examples_rclcpp_minimal_timer' returned '0': CMAKE_PREFIX_PATH=${CMAKE_PREFIX_PATH}:/home/muzz/ros2_ws/install/muzz_package:/home/muzz/ros2_ws/install/teleop_twist_keyboard:/home/muzz/ros2_ws/install/examples_rclpy_minimal_subscriber:/home/muzz/ros2_ws/install/examples_rclpy_minimal_service:/home/muzz/ros2_ws/install/examples_rclpy_minimal_publisher:/home/muzz/ros2_ws/install/examples_rclpy_minimal_client:/home/muzz/ros2_ws/install/examples_rclpy_minimal_action_server:/home/muzz/ros2_ws/install/examples_rclpy_minimal_action_client:/home/muzz/ros2_ws/install/examples_rclpy_executors:/opt/ros/foxy /usr/bin/cmake --install /home/muzz/ros2_ws/build/examples_rclcpp_minimal_timer
