[2.445s] Invoking command in '/home/muzz/ros2_ws/build/examples_rclpy_minimal_client': PYTHONPATH=/home/muzz/ros2_ws/build/examples_rclpy_minimal_client/prefix_override:/home/muzz/ros2_ws/install/examples_rclpy_minimal_client/lib/python3.8/site-packages:${PYTHONPATH} /usr/bin/python3 -W ignore:setup.py install is deprecated setup.py develop --editable --build-directory /home/muzz/ros2_ws/build/examples_rclpy_minimal_client/build --no-deps symlink_data --force
[2.660s] running develop
[2.762s] running egg_info
[2.762s] writing examples_rclpy_minimal_client.egg-info/PKG-INFO
[2.762s] writing dependency_links to examples_rclpy_minimal_client.egg-info/dependency_links.txt
[2.762s] writing entry points to examples_rclpy_minimal_client.egg-info/entry_points.txt
[2.762s] writing requirements to examples_rclpy_minimal_client.egg-info/requires.txt
[2.762s] writing top-level names to examples_rclpy_minimal_client.egg-info/top_level.txt
[2.792s] reading manifest file 'examples_rclpy_minimal_client.egg-info/SOURCES.txt'
[2.792s] writing manifest file 'examples_rclpy_minimal_client.egg-info/SOURCES.txt'
[2.822s] running build_ext
[2.822s] Creating /home/muzz/ros2_ws/install/examples_rclpy_minimal_client/lib/python3.8/site-packages/examples-rclpy-minimal-client.egg-link (link to .)
[2.823s] Installing client script to /home/muzz/ros2_ws/install/examples_rclpy_minimal_client/lib/examples_rclpy_minimal_client
[2.823s] Installing client_async script to /home/muzz/ros2_ws/install/examples_rclpy_minimal_client/lib/examples_rclpy_minimal_client
[2.823s] Installing client_async_callback script to /home/muzz/ros2_ws/install/examples_rclpy_minimal_client/lib/examples_rclpy_minimal_client
[2.823s] Installing client_async_member_function script to /home/muzz/ros2_ws/install/examples_rclpy_minimal_client/lib/examples_rclpy_minimal_client
[2.823s] 
[2.823s] Installed /home/muzz/ros2_ws/build/examples_rclpy_minimal_client
[2.823s] running symlink_data
[2.823s] symbolically linking /home/muzz/ros2_ws/build/examples_rclpy_minimal_client/resource/examples_rclpy_minimal_client -> /home/muzz/ros2_ws/install/examples_rclpy_minimal_client/share/ament_index/resource_index/packages
[2.824s] symbolically linking /home/muzz/ros2_ws/build/examples_rclpy_minimal_client/package.xml -> /home/muzz/ros2_ws/install/examples_rclpy_minimal_client/share/examples_rclpy_minimal_client
[2.902s] Invoked command in '/home/muzz/ros2_ws/build/examples_rclpy_minimal_client' returned '0': PYTHONPATH=/home/muzz/ros2_ws/build/examples_rclpy_minimal_client/prefix_override:/home/muzz/ros2_ws/install/examples_rclpy_minimal_client/lib/python3.8/site-packages:${PYTHONPATH} /usr/bin/python3 -W ignore:setup.py install is deprecated setup.py develop --editable --build-directory /home/muzz/ros2_ws/build/examples_rclpy_minimal_client/build --no-deps symlink_data --force
