[0.170s] Invoking command in '/home/muzz/ros2_ws/build/examples_rclcpp_minimal_client': CMAKE_PREFIX_PATH=/opt/ros/foxy /usr/bin/cmake /home/muzz/ros2_ws/src/examples/rclcpp/services/minimal_client -DCMAKE_INSTALL_PREFIX=/home/muzz/ros2_ws/install/examples_rclcpp_minimal_client
[1.815s] -- Found ament_cmake: 0.9.12 (/opt/ros/foxy/share/ament_cmake/cmake)
[1.816s] -- Using PYTHON_EXECUTABLE: /usr/bin/python3
[1.816s] -- Override CMake install command with custom implementation using symlinks instead of copying resources
[1.816s] -- Found example_interfaces: 0.9.1 (/opt/ros/foxy/share/example_interfaces/cmake)
[1.816s] -- Using all available rosidl_typesupport_c: rosidl_typesupport_fastrtps_c;rosidl_typesupport_introspection_c
[1.816s] -- Found rosidl_adapter: 1.3.1 (/opt/ros/foxy/share/rosidl_adapter/cmake)
[1.816s] -- Using all available rosidl_typesupport_cpp: rosidl_typesupport_fastrtps_cpp;rosidl_typesupport_introspection_cpp
[1.816s] -- Found rclcpp: 2.4.3 (/opt/ros/foxy/share/rclcpp/cmake)
[1.816s] -- Found rmw_implementation_cmake: 1.0.4 (/opt/ros/foxy/share/rmw_implementation_cmake/cmake)
[1.816s] -- Using RMW implementation 'rmw_fastrtps_cpp' as default
[1.817s] -- Found ament_lint_auto: 0.9.8 (/opt/ros/foxy/share/ament_lint_auto/cmake)
[1.817s] -- Added test 'copyright' to check source files copyright and LICENSE
[1.817s] -- Added test 'cppcheck' to perform static code analysis on C / C++ code
[1.817s] -- Configured cppcheck include dirs: 
[1.817s] -- Configured cppcheck exclude dirs and/or files: 
[1.817s] -- Added test 'cpplint' to check C / C++ code against the Google style
[1.817s] -- Configured cpplint exclude dirs and/or files: 
[1.817s] -- Added test 'lint_cmake' to check CMake code style
[1.817s] -- Added test 'uncrustify' to check C / C++ code style
[1.817s] -- Configured uncrustify additional arguments: 
[1.818s] -- Added test 'xmllint' to check XML markup files
[1.818s] -- Configuring done
[1.818s] -- Generating done
[1.818s] -- Build files have been written to: /home/muzz/ros2_ws/build/examples_rclcpp_minimal_client
[1.854s] Invoked command in '/home/muzz/ros2_ws/build/examples_rclcpp_minimal_client' returned '0': CMAKE_PREFIX_PATH=/opt/ros/foxy /usr/bin/cmake /home/muzz/ros2_ws/src/examples/rclcpp/services/minimal_client -DCMAKE_INSTALL_PREFIX=/home/muzz/ros2_ws/install/examples_rclcpp_minimal_client
[1.856s] Invoking command in '/home/muzz/ros2_ws/build/examples_rclcpp_minimal_client': CMAKE_PREFIX_PATH=/opt/ros/foxy /usr/bin/cmake --build /home/muzz/ros2_ws/build/examples_rclcpp_minimal_client -- -j16 -l16
[1.903s] [100%] Built target client_main
[1.965s] Invoked command in '/home/muzz/ros2_ws/build/examples_rclcpp_minimal_client' returned '0': CMAKE_PREFIX_PATH=/opt/ros/foxy /usr/bin/cmake --build /home/muzz/ros2_ws/build/examples_rclcpp_minimal_client -- -j16 -l16
[2.048s] Invoking command in '/home/muzz/ros2_ws/build/examples_rclcpp_minimal_client': CMAKE_PREFIX_PATH=/opt/ros/foxy /usr/bin/cmake --install /home/muzz/ros2_ws/build/examples_rclcpp_minimal_client
[2.077s] -- Install configuration: ""
[2.080s] -- Execute custom install script
[2.081s] -- Up-to-date symlink: /home/muzz/ros2_ws/install/examples_rclcpp_minimal_client/lib/examples_rclcpp_minimal_client/client_main
[2.081s] -- Up-to-date symlink: /home/muzz/ros2_ws/install/examples_rclcpp_minimal_client/share/ament_index/resource_index/package_run_dependencies/examples_rclcpp_minimal_client
[2.081s] -- Up-to-date symlink: /home/muzz/ros2_ws/install/examples_rclcpp_minimal_client/share/ament_index/resource_index/parent_prefix_path/examples_rclcpp_minimal_client
[2.081s] -- Up-to-date symlink: /home/muzz/ros2_ws/install/examples_rclcpp_minimal_client/share/examples_rclcpp_minimal_client/environment/ament_prefix_path.sh
[2.081s] -- Up-to-date symlink: /home/muzz/ros2_ws/install/examples_rclcpp_minimal_client/share/examples_rclcpp_minimal_client/environment/ament_prefix_path.dsv
[2.081s] -- Up-to-date symlink: /home/muzz/ros2_ws/install/examples_rclcpp_minimal_client/share/examples_rclcpp_minimal_client/environment/path.sh
[2.081s] -- Up-to-date symlink: /home/muzz/ros2_ws/install/examples_rclcpp_minimal_client/share/examples_rclcpp_minimal_client/environment/path.dsv
[2.082s] -- Up-to-date symlink: /home/muzz/ros2_ws/install/examples_rclcpp_minimal_client/share/examples_rclcpp_minimal_client/local_setup.bash
[2.082s] -- Up-to-date symlink: /home/muzz/ros2_ws/install/examples_rclcpp_minimal_client/share/examples_rclcpp_minimal_client/local_setup.sh
[2.082s] -- Up-to-date symlink: /home/muzz/ros2_ws/install/examples_rclcpp_minimal_client/share/examples_rclcpp_minimal_client/local_setup.zsh
[2.082s] -- Up-to-date symlink: /home/muzz/ros2_ws/install/examples_rclcpp_minimal_client/share/examples_rclcpp_minimal_client/local_setup.dsv
[2.082s] -- Symlinking: /home/muzz/ros2_ws/install/examples_rclcpp_minimal_client/share/examples_rclcpp_minimal_client/package.dsv
[2.090s] -- Up-to-date symlink: /home/muzz/ros2_ws/install/examples_rclcpp_minimal_client/share/ament_index/resource_index/packages/examples_rclcpp_minimal_client
[2.091s] -- Up-to-date symlink: /home/muzz/ros2_ws/install/examples_rclcpp_minimal_client/share/examples_rclcpp_minimal_client/cmake/examples_rclcpp_minimal_clientConfig.cmake
[2.091s] -- Up-to-date symlink: /home/muzz/ros2_ws/install/examples_rclcpp_minimal_client/share/examples_rclcpp_minimal_client/cmake/examples_rclcpp_minimal_clientConfig-version.cmake
[2.091s] -- Up-to-date symlink: /home/muzz/ros2_ws/install/examples_rclcpp_minimal_client/share/examples_rclcpp_minimal_client/package.xml
[2.144s] Invoked command in '/home/muzz/ros2_ws/build/examples_rclcpp_minimal_client' returned '0': CMAKE_PREFIX_PATH=/opt/ros/foxy /usr/bin/cmake --install /home/muzz/ros2_ws/build/examples_rclcpp_minimal_client
